{"C:\\Users\\jmmon\\code\\BeaconFire\\Week4\\Day2\\Week3Day3-Joe Moulton\\Coding Questions\\2. Spotify Lite\\server.js": {"path":"C:\\Users\\jmmon\\code\\BeaconFire\\Week4\\Day2\\Week3Day3-Joe Moulton\\Coding Questions\\2. Spotify Lite\\server.js","statementMap":{"0":{"start":{"line":1,"column":16},"end":{"line":1,"column":34}},"1":{"start":{"line":2,"column":12},"end":{"line":2,"column":21}},"2":{"start":{"line":3,"column":13},"end":{"line":3,"column":28}},"3":{"start":{"line":4,"column":15},"end":{"line":4,"column":34}},"4":{"start":{"line":5,"column":21},"end":{"line":5,"column":45}},"5":{"start":{"line":6,"column":25},"end":{"line":6,"column":55}},"6":{"start":{"line":7,"column":19},"end":{"line":7,"column":41}},"7":{"start":{"line":9,"column":0},"end":{"line":9,"column":27}},"8":{"start":{"line":11,"column":0},"end":{"line":11,"column":24}},"9":{"start":{"line":12,"column":0},"end":{"line":12,"column":29}},"10":{"start":{"line":13,"column":0},"end":{"line":13,"column":48}},"11":{"start":{"line":14,"column":0},"end":{"line":14,"column":56}},"12":{"start":{"line":16,"column":0},"end":{"line":19,"column":3}},"13":{"start":{"line":17,"column":1},"end":{"line":17,"column":60}},"14":{"start":{"line":18,"column":1},"end":{"line":18,"column":8}},"15":{"start":{"line":21,"column":0},"end":{"line":21,"column":32}},"16":{"start":{"line":22,"column":0},"end":{"line":22,"column":35}},"17":{"start":{"line":23,"column":0},"end":{"line":23,"column":33}},"18":{"start":{"line":24,"column":0},"end":{"line":24,"column":32}},"19":{"start":{"line":27,"column":0},"end":{"line":33,"column":3}},"20":{"start":{"line":28,"column":13},"end":{"line":31,"column":2}},"21":{"start":{"line":32,"column":1},"end":{"line":32,"column":11}},"22":{"start":{"line":35,"column":0},"end":{"line":35,"column":22}},"23":{"start":{"line":37,"column":0},"end":{"line":37,"column":37}}},"fnMap":{"0":{"name":"(anonymous_0)","decl":{"start":{"line":16,"column":13},"end":{"line":16,"column":14}},"loc":{"start":{"line":16,"column":33},"end":{"line":19,"column":1}},"line":16},"1":{"name":"(anonymous_1)","decl":{"start":{"line":27,"column":8},"end":{"line":27,"column":9}},"loc":{"start":{"line":27,"column":28},"end":{"line":33,"column":1}},"line":27}},"branchMap":{},"s":{"0":4,"1":4,"2":4,"3":4,"4":4,"5":4,"6":4,"7":4,"8":4,"9":4,"10":4,"11":4,"12":4,"13":24,"14":24,"15":4,"16":4,"17":4,"18":4,"19":4,"20":0,"21":0,"22":4,"23":4},"f":{"0":24,"1":0},"b":{},"_coverageSchema":"1a1c01bbd47fc00a2c39e90264f33305004495a9","hash":"c9eb796a86a4d3d9488508c2db6b23a2e581cbf8"}
,"C:\\Users\\jmmon\\code\\BeaconFire\\Week4\\Day2\\Week3Day3-Joe Moulton\\Coding Questions\\2. Spotify Lite\\config\\constants.js": {"path":"C:\\Users\\jmmon\\code\\BeaconFire\\Week4\\Day2\\Week3Day3-Joe Moulton\\Coding Questions\\2. Spotify Lite\\config\\constants.js","statementMap":{"0":{"start":{"line":1,"column":0},"end":{"line":8,"column":1}},"1":{"start":{"line":11,"column":15},"end":{"line":13,"column":1}},"2":{"start":{"line":16,"column":0},"end":{"line":16,"column":24}}},"fnMap":{},"branchMap":{},"s":{"0":4,"1":4,"2":4},"f":{},"b":{},"_coverageSchema":"1a1c01bbd47fc00a2c39e90264f33305004495a9","hash":"aa465b482c3b264bb815a30cc57443e3499875f5"}
,"C:\\Users\\jmmon\\code\\BeaconFire\\Week4\\Day2\\Week3Day3-Joe Moulton\\Coding Questions\\2. Spotify Lite\\config\\db.js": {"path":"C:\\Users\\jmmon\\code\\BeaconFire\\Week4\\Day2\\Week3Day3-Joe Moulton\\Coding Questions\\2. Spotify Lite\\config\\db.js","statementMap":{"0":{"start":{"line":1,"column":17},"end":{"line":1,"column":36}},"1":{"start":{"line":3,"column":22},"end":{"line":3,"column":33}},"2":{"start":{"line":6,"column":0},"end":{"line":6,"column":35}},"3":{"start":{"line":8,"column":0},"end":{"line":11,"column":3}},"4":{"start":{"line":9,"column":1},"end":{"line":10,"column":43}},"5":{"start":{"line":9,"column":12},"end":{"line":9,"column":31}},"6":{"start":{"line":10,"column":6},"end":{"line":10,"column":43}},"7":{"start":{"line":13,"column":0},"end":{"line":13,"column":37}}},"fnMap":{"0":{"name":"(anonymous_0)","decl":{"start":{"line":8,"column":28},"end":{"line":8,"column":29}},"loc":{"start":{"line":8,"column":39},"end":{"line":11,"column":1}},"line":8}},"branchMap":{"0":{"loc":{"start":{"line":9,"column":1},"end":{"line":10,"column":43}},"type":"if","locations":[{"start":{"line":9,"column":1},"end":{"line":10,"column":43}},{"start":{"line":10,"column":6},"end":{"line":10,"column":43}}],"line":9}},"s":{"0":4,"1":4,"2":4,"3":4,"4":4,"5":0,"6":4,"7":4},"f":{"0":4},"b":{"0":[0,4]},"_coverageSchema":"1a1c01bbd47fc00a2c39e90264f33305004495a9","hash":"16a9bf8b164f62962216a99a5f8161fca8984d78"}
,"C:\\Users\\jmmon\\code\\BeaconFire\\Week4\\Day2\\Week3Day3-Joe Moulton\\Coding Questions\\2. Spotify Lite\\controllers\\artistsController.js": {"path":"C:\\Users\\jmmon\\code\\BeaconFire\\Week4\\Day2\\Week3Day3-Joe Moulton\\Coding Questions\\2. Spotify Lite\\controllers\\artistsController.js","statementMap":{"0":{"start":{"line":1,"column":27},"end":{"line":1,"column":68}},"1":{"start":{"line":2,"column":19},"end":{"line":2,"column":49}},"2":{"start":{"line":5,"column":25},"end":{"line":22,"column":2}},"3":{"start":{"line":6,"column":1},"end":{"line":9,"column":4}},"4":{"start":{"line":10,"column":16},"end":{"line":10,"column":30}},"5":{"start":{"line":11,"column":18},"end":{"line":11,"column":37}},"6":{"start":{"line":12,"column":26},"end":{"line":12,"column":89}},"7":{"start":{"line":14,"column":25},"end":{"line":14,"column":64}},"8":{"start":{"line":15,"column":1},"end":{"line":15,"column":48}},"9":{"start":{"line":17,"column":17},"end":{"line":19,"column":61}},"10":{"start":{"line":21,"column":1},"end":{"line":21,"column":77}},"11":{"start":{"line":24,"column":0},"end":{"line":26,"column":2}}},"fnMap":{"0":{"name":"(anonymous_0)","decl":{"start":{"line":5,"column":36},"end":{"line":5,"column":37}},"loc":{"start":{"line":5,"column":56},"end":{"line":22,"column":1}},"line":5}},"branchMap":{"0":{"loc":{"start":{"line":17,"column":24},"end":{"line":19,"column":60}},"type":"cond-expr","locations":[{"start":{"line":18,"column":4},"end":{"line":18,"column":62}},{"start":{"line":19,"column":4},"end":{"line":19,"column":60}}],"line":17}},"s":{"0":4,"1":4,"2":4,"3":2,"4":2,"5":2,"6":2,"7":2,"8":2,"9":2,"10":2,"11":4},"f":{"0":2},"b":{"0":[1,1]},"_coverageSchema":"1a1c01bbd47fc00a2c39e90264f33305004495a9","hash":"0171cb7dc50eaefe699606da15f7ce73ffa44979"}
,"C:\\Users\\jmmon\\code\\BeaconFire\\Week4\\Day2\\Week3Day3-Joe Moulton\\Coding Questions\\2. Spotify Lite\\controllers\\authController.js": {"path":"C:\\Users\\jmmon\\code\\BeaconFire\\Week4\\Day2\\Week3Day3-Joe Moulton\\Coding Questions\\2. Spotify Lite\\controllers\\authController.js","statementMap":{"0":{"start":{"line":1,"column":20},"end":{"line":1,"column":54}},"1":{"start":{"line":2,"column":20},"end":{"line":2,"column":54}},"2":{"start":{"line":3,"column":21},"end":{"line":3,"column":56}},"3":{"start":{"line":4,"column":19},"end":{"line":4,"column":49}},"4":{"start":{"line":5,"column":35},"end":{"line":5,"column":63}},"5":{"start":{"line":7,"column":17},"end":{"line":15,"column":2}},"6":{"start":{"line":8,"column":1},"end":{"line":8,"column":53}},"7":{"start":{"line":9,"column":1},"end":{"line":9,"column":34}},"8":{"start":{"line":10,"column":14},"end":{"line":10,"column":52}},"9":{"start":{"line":11,"column":13},"end":{"line":11,"column":41}},"10":{"start":{"line":13,"column":1},"end":{"line":13,"column":55}},"11":{"start":{"line":14,"column":1},"end":{"line":14,"column":39}},"12":{"start":{"line":17,"column":14},"end":{"line":27,"column":2}},"13":{"start":{"line":18,"column":1},"end":{"line":18,"column":50}},"14":{"start":{"line":19,"column":39},"end":{"line":19,"column":47}},"15":{"start":{"line":21,"column":14},"end":{"line":21,"column":87}},"16":{"start":{"line":22,"column":15},"end":{"line":22,"column":43}},"17":{"start":{"line":23,"column":1},"end":{"line":23,"column":33}},"18":{"start":{"line":25,"column":1},"end":{"line":25,"column":57}},"19":{"start":{"line":26,"column":1},"end":{"line":26,"column":39}},"20":{"start":{"line":29,"column":15},"end":{"line":33,"column":2}},"21":{"start":{"line":30,"column":1},"end":{"line":30,"column":51}},"22":{"start":{"line":31,"column":1},"end":{"line":31,"column":85}},"23":{"start":{"line":32,"column":1},"end":{"line":32,"column":59}},"24":{"start":{"line":35,"column":0},"end":{"line":39,"column":2}}},"fnMap":{"0":{"name":"(anonymous_0)","decl":{"start":{"line":7,"column":28},"end":{"line":7,"column":29}},"loc":{"start":{"line":7,"column":48},"end":{"line":15,"column":1}},"line":7},"1":{"name":"(anonymous_1)","decl":{"start":{"line":17,"column":25},"end":{"line":17,"column":26}},"loc":{"start":{"line":17,"column":45},"end":{"line":27,"column":1}},"line":17},"2":{"name":"(anonymous_2)","decl":{"start":{"line":29,"column":26},"end":{"line":29,"column":27}},"loc":{"start":{"line":29,"column":46},"end":{"line":33,"column":1}},"line":29}},"branchMap":{},"s":{"0":4,"1":4,"2":4,"3":4,"4":4,"5":4,"6":2,"7":2,"8":2,"9":1,"10":1,"11":1,"12":4,"13":6,"14":6,"15":6,"16":5,"17":5,"18":5,"19":5,"20":4,"21":1,"22":1,"23":1,"24":4},"f":{"0":2,"1":6,"2":1},"b":{},"_coverageSchema":"1a1c01bbd47fc00a2c39e90264f33305004495a9","hash":"e2d9187ccfd6de61f86b7f43c3ced53cb9847721"}
,"C:\\Users\\jmmon\\code\\BeaconFire\\Week4\\Day2\\Week3Day3-Joe Moulton\\Coding Questions\\2. Spotify Lite\\controllers\\songsController.js": {"path":"C:\\Users\\jmmon\\code\\BeaconFire\\Week4\\Day2\\Week3Day3-Joe Moulton\\Coding Questions\\2. Spotify Lite\\controllers\\songsController.js","statementMap":{"0":{"start":{"line":4,"column":27},"end":{"line":4,"column":68}},"1":{"start":{"line":5,"column":20},"end":{"line":5,"column":54}},"2":{"start":{"line":6,"column":19},"end":{"line":6,"column":49}},"3":{"start":{"line":7,"column":13},"end":{"line":7,"column":37}},"4":{"start":{"line":9,"column":22},"end":{"line":10,"column":89}},"5":{"start":{"line":10,"column":1},"end":{"line":10,"column":89}},"6":{"start":{"line":10,"column":60},"end":{"line":10,"column":87}},"7":{"start":{"line":12,"column":22},"end":{"line":56,"column":2}},"8":{"start":{"line":13,"column":1},"end":{"line":13,"column":77}},"9":{"start":{"line":14,"column":16},"end":{"line":14,"column":64}},"10":{"start":{"line":15,"column":16},"end":{"line":15,"column":37}},"11":{"start":{"line":17,"column":1},"end":{"line":17,"column":25}},"12":{"start":{"line":18,"column":18},"end":{"line":18,"column":20}},"13":{"start":{"line":21,"column":1},"end":{"line":43,"column":2}},"14":{"start":{"line":23,"column":2},"end":{"line":26,"column":4}},"15":{"start":{"line":27,"column":2},"end":{"line":27,"column":27}},"16":{"start":{"line":29,"column":2},"end":{"line":32,"column":4}},"17":{"start":{"line":33,"column":2},"end":{"line":33,"column":33}},"18":{"start":{"line":35,"column":2},"end":{"line":35,"column":82}},"19":{"start":{"line":37,"column":2},"end":{"line":37,"column":56}},"20":{"start":{"line":38,"column":2},"end":{"line":38,"column":62}},"21":{"start":{"line":41,"column":2},"end":{"line":41,"column":42}},"22":{"start":{"line":42,"column":2},"end":{"line":42,"column":52}},"23":{"start":{"line":45,"column":17},"end":{"line":48,"column":4}},"24":{"start":{"line":45,"column":64},"end":{"line":48,"column":3}},"25":{"start":{"line":46,"column":2},"end":{"line":46,"column":39}},"26":{"start":{"line":47,"column":2},"end":{"line":47,"column":20}},"27":{"start":{"line":49,"column":1},"end":{"line":49,"column":24}},"28":{"start":{"line":51,"column":23},"end":{"line":51,"column":61}},"29":{"start":{"line":53,"column":21},"end":{"line":53,"column":48}},"30":{"start":{"line":54,"column":1},"end":{"line":54,"column":74}},"31":{"start":{"line":55,"column":1},"end":{"line":55,"column":58}},"32":{"start":{"line":58,"column":20},"end":{"line":61,"column":2}},"33":{"start":{"line":59,"column":18},"end":{"line":59,"column":54}},"34":{"start":{"line":60,"column":1},"end":{"line":60,"column":41}},"35":{"start":{"line":63,"column":21},"end":{"line":75,"column":2}},"36":{"start":{"line":64,"column":1},"end":{"line":64,"column":59}},"37":{"start":{"line":65,"column":16},"end":{"line":65,"column":28}},"38":{"start":{"line":66,"column":16},"end":{"line":66,"column":33}},"39":{"start":{"line":67,"column":24},"end":{"line":67,"column":83}},"40":{"start":{"line":69,"column":21},"end":{"line":69,"column":53}},"41":{"start":{"line":70,"column":17},"end":{"line":72,"column":60}},"42":{"start":{"line":74,"column":1},"end":{"line":74,"column":73}},"43":{"start":{"line":77,"column":0},"end":{"line":81,"column":2}}},"fnMap":{"0":{"name":"(anonymous_0)","decl":{"start":{"line":9,"column":22},"end":{"line":9,"column":23}},"loc":{"start":{"line":10,"column":1},"end":{"line":10,"column":89}},"line":10},"1":{"name":"(anonymous_1)","decl":{"start":{"line":10,"column":44},"end":{"line":10,"column":45}},"loc":{"start":{"line":10,"column":60},"end":{"line":10,"column":87}},"line":10},"2":{"name":"(anonymous_2)","decl":{"start":{"line":12,"column":33},"end":{"line":12,"column":34}},"loc":{"start":{"line":12,"column":53},"end":{"line":56,"column":1}},"line":12},"3":{"name":"(anonymous_3)","decl":{"start":{"line":45,"column":57},"end":{"line":45,"column":58}},"loc":{"start":{"line":45,"column":64},"end":{"line":48,"column":3}},"line":45},"4":{"name":"(anonymous_4)","decl":{"start":{"line":45,"column":70},"end":{"line":45,"column":71}},"loc":{"start":{"line":45,"column":80},"end":{"line":48,"column":2}},"line":45},"5":{"name":"(anonymous_5)","decl":{"start":{"line":58,"column":31},"end":{"line":58,"column":32}},"loc":{"start":{"line":58,"column":51},"end":{"line":61,"column":1}},"line":58},"6":{"name":"(anonymous_6)","decl":{"start":{"line":63,"column":32},"end":{"line":63,"column":33}},"loc":{"start":{"line":63,"column":52},"end":{"line":75,"column":1}},"line":63}},"branchMap":{"0":{"loc":{"start":{"line":21,"column":1},"end":{"line":43,"column":2}},"type":"if","locations":[{"start":{"line":21,"column":1},"end":{"line":43,"column":2}},{"start":{"line":39,"column":8},"end":{"line":43,"column":2}}],"line":21},"1":{"loc":{"start":{"line":51,"column":43},"end":{"line":51,"column":59}},"type":"binary-expr","locations":[{"start":{"line":51,"column":43},"end":{"line":51,"column":53}},{"start":{"line":51,"column":57},"end":{"line":51,"column":59}}],"line":51},"2":{"loc":{"start":{"line":70,"column":17},"end":{"line":72,"column":60}},"type":"cond-expr","locations":[{"start":{"line":71,"column":4},"end":{"line":71,"column":62}},{"start":{"line":72,"column":4},"end":{"line":72,"column":60}}],"line":70}},"s":{"0":4,"1":4,"2":4,"3":4,"4":4,"5":1,"6":1,"7":4,"8":1,"9":1,"10":1,"11":1,"12":1,"13":1,"14":1,"15":1,"16":1,"17":1,"18":1,"19":1,"20":1,"21":0,"22":0,"23":1,"24":1,"25":2,"26":2,"27":1,"28":1,"29":1,"30":1,"31":1,"32":4,"33":1,"34":1,"35":4,"36":2,"37":2,"38":2,"39":2,"40":2,"41":2,"42":2,"43":4},"f":{"0":1,"1":1,"2":1,"3":1,"4":2,"5":1,"6":2},"b":{"0":[1,0],"1":[1,0],"2":[1,1]},"_coverageSchema":"1a1c01bbd47fc00a2c39e90264f33305004495a9","hash":"11ee27103dabadbed7e946f54bb4fdc3dbbd745c"}
,"C:\\Users\\jmmon\\code\\BeaconFire\\Week4\\Day2\\Week3Day3-Joe Moulton\\Coding Questions\\2. Spotify Lite\\controllers\\userController.js": {"path":"C:\\Users\\jmmon\\code\\BeaconFire\\Week4\\Day2\\Week3Day3-Joe Moulton\\Coding Questions\\2. Spotify Lite\\controllers\\userController.js","statementMap":{"0":{"start":{"line":1,"column":77},"end":{"line":1,"column":105}},"1":{"start":{"line":2,"column":20},"end":{"line":2,"column":54}},"2":{"start":{"line":3,"column":21},"end":{"line":3,"column":56}},"3":{"start":{"line":4,"column":19},"end":{"line":4,"column":51}},"4":{"start":{"line":7,"column":22},"end":{"line":12,"column":2}},"5":{"start":{"line":8,"column":1},"end":{"line":8,"column":67}},"6":{"start":{"line":9,"column":16},"end":{"line":9,"column":28}},"7":{"start":{"line":10,"column":14},"end":{"line":10,"column":84}},"8":{"start":{"line":11,"column":1},"end":{"line":11,"column":53}},"9":{"start":{"line":14,"column":16},"end":{"line":19,"column":2}},"10":{"start":{"line":15,"column":1},"end":{"line":15,"column":60}},"11":{"start":{"line":16,"column":16},"end":{"line":16,"column":28}},"12":{"start":{"line":17,"column":14},"end":{"line":17,"column":103}},"13":{"start":{"line":18,"column":1},"end":{"line":18,"column":30}},"14":{"start":{"line":22,"column":20},"end":{"line":42,"column":2}},"15":{"start":{"line":23,"column":1},"end":{"line":23,"column":86}},"16":{"start":{"line":24,"column":16},"end":{"line":24,"column":28}},"17":{"start":{"line":27,"column":1},"end":{"line":27,"column":34}},"18":{"start":{"line":29,"column":1},"end":{"line":29,"column":31}},"19":{"start":{"line":32,"column":14},"end":{"line":32,"column":43}},"20":{"start":{"line":33,"column":14},"end":{"line":33,"column":60}},"21":{"start":{"line":34,"column":13},"end":{"line":34,"column":41}},"22":{"start":{"line":36,"column":1},"end":{"line":36,"column":30}},"23":{"start":{"line":39,"column":1},"end":{"line":39,"column":55}},"24":{"start":{"line":41,"column":1},"end":{"line":41,"column":65}},"25":{"start":{"line":45,"column":0},"end":{"line":49,"column":2}}},"fnMap":{"0":{"name":"(anonymous_0)","decl":{"start":{"line":7,"column":33},"end":{"line":7,"column":34}},"loc":{"start":{"line":7,"column":53},"end":{"line":12,"column":1}},"line":7},"1":{"name":"(anonymous_1)","decl":{"start":{"line":14,"column":27},"end":{"line":14,"column":28}},"loc":{"start":{"line":14,"column":47},"end":{"line":19,"column":1}},"line":14},"2":{"name":"(anonymous_2)","decl":{"start":{"line":22,"column":31},"end":{"line":22,"column":32}},"loc":{"start":{"line":22,"column":51},"end":{"line":42,"column":1}},"line":22}},"branchMap":{},"s":{"0":4,"1":4,"2":4,"3":4,"4":4,"5":1,"6":1,"7":1,"8":1,"9":4,"10":1,"11":1,"12":1,"13":1,"14":4,"15":1,"16":1,"17":1,"18":1,"19":1,"20":1,"21":1,"22":1,"23":1,"24":1,"25":4},"f":{"0":1,"1":1,"2":1},"b":{},"_coverageSchema":"1a1c01bbd47fc00a2c39e90264f33305004495a9","hash":"4984850178e2aceba05f3c2bcdf2faeeb5c9f737"}
,"C:\\Users\\jmmon\\code\\BeaconFire\\Week4\\Day2\\Week3Day3-Joe Moulton\\Coding Questions\\2. Spotify Lite\\middlewares\\auth.js": {"path":"C:\\Users\\jmmon\\code\\BeaconFire\\Week4\\Day2\\Week3Day3-Joe Moulton\\Coding Questions\\2. Spotify Lite\\middlewares\\auth.js","statementMap":{"0":{"start":{"line":1,"column":32},"end":{"line":1,"column":69}},"1":{"start":{"line":4,"column":13},"end":{"line":20,"column":1}},"2":{"start":{"line":5,"column":17},"end":{"line":5,"column":28}},"3":{"start":{"line":7,"column":16},"end":{"line":7,"column":44}},"4":{"start":{"line":8,"column":1},"end":{"line":8,"column":35}},"5":{"start":{"line":10,"column":25},"end":{"line":10,"column":31}},"6":{"start":{"line":11,"column":1},"end":{"line":17,"column":2}},"7":{"start":{"line":12,"column":2},"end":{"line":12,"column":18}},"8":{"start":{"line":13,"column":2},"end":{"line":13,"column":34}},"9":{"start":{"line":15,"column":2},"end":{"line":15,"column":37}},"10":{"start":{"line":16,"column":2},"end":{"line":16,"column":52}},"11":{"start":{"line":19,"column":1},"end":{"line":19,"column":15}},"12":{"start":{"line":22,"column":0},"end":{"line":22,"column":22}}},"fnMap":{"0":{"name":"(anonymous_0)","decl":{"start":{"line":4,"column":13},"end":{"line":4,"column":14}},"loc":{"start":{"line":4,"column":33},"end":{"line":20,"column":1}},"line":4}},"branchMap":{"0":{"loc":{"start":{"line":11,"column":1},"end":{"line":17,"column":2}},"type":"if","locations":[{"start":{"line":11,"column":1},"end":{"line":17,"column":2}},{"start":{"line":14,"column":8},"end":{"line":17,"column":2}}],"line":11}},"s":{"0":4,"1":4,"2":14,"3":14,"4":14,"5":14,"6":14,"7":8,"8":8,"9":6,"10":6,"11":8,"12":4},"f":{"0":14},"b":{"0":[8,6]},"_coverageSchema":"1a1c01bbd47fc00a2c39e90264f33305004495a9","hash":"683b85298e56e26eda229b0f136a6dcc9fccd4f0"}
,"C:\\Users\\jmmon\\code\\BeaconFire\\Week4\\Day2\\Week3Day3-Joe Moulton\\Coding Questions\\2. Spotify Lite\\middlewares\\error.js": {"path":"C:\\Users\\jmmon\\code\\BeaconFire\\Week4\\Day2\\Week3Day3-Joe Moulton\\Coding Questions\\2. Spotify Lite\\middlewares\\error.js","statementMap":{"0":{"start":{"line":1,"column":0},"end":{"line":16,"column":1}},"1":{"start":{"line":2,"column":29},"end":{"line":2,"column":32}},"2":{"start":{"line":5,"column":1},"end":{"line":5,"column":39}},"3":{"start":{"line":7,"column":18},"end":{"line":11,"column":2}},"4":{"start":{"line":13,"column":1},"end":{"line":13,"column":37}},"5":{"start":{"line":15,"column":1},"end":{"line":15,"column":39}}},"fnMap":{"0":{"name":"(anonymous_0)","decl":{"start":{"line":1,"column":23},"end":{"line":1,"column":24}},"loc":{"start":{"line":1,"column":48},"end":{"line":16,"column":1}},"line":1}},"branchMap":{},"s":{"0":4,"1":8,"2":8,"3":8,"4":8,"5":8},"f":{"0":8},"b":{},"_coverageSchema":"1a1c01bbd47fc00a2c39e90264f33305004495a9","hash":"90a3683b30b4df30d1367f4f13c3e5f10ce9f640"}
,"C:\\Users\\jmmon\\code\\BeaconFire\\Week4\\Day2\\Week3Day3-Joe Moulton\\Coding Questions\\2. Spotify Lite\\middlewares\\validate.js": {"path":"C:\\Users\\jmmon\\code\\BeaconFire\\Week4\\Day2\\Week3Day3-Joe Moulton\\Coding Questions\\2. Spotify Lite\\middlewares\\validate.js","statementMap":{"0":{"start":{"line":1,"column":12},"end":{"line":1,"column":26}},"1":{"start":{"line":2,"column":13},"end":{"line":2,"column":37}},"2":{"start":{"line":4,"column":17},"end":{"line":21,"column":1}},"3":{"start":{"line":4,"column":29},"end":{"line":21,"column":1}},"4":{"start":{"line":5,"column":21},"end":{"line":5,"column":43}},"5":{"start":{"line":6,"column":26},"end":{"line":6,"column":61}},"6":{"start":{"line":7,"column":1},"end":{"line":7,"column":56}},"7":{"start":{"line":9,"column":26},"end":{"line":11,"column":29}},"8":{"start":{"line":13,"column":1},"end":{"line":17,"column":2}},"9":{"start":{"line":14,"column":23},"end":{"line":14,"column":79}},"10":{"start":{"line":14,"column":53},"end":{"line":14,"column":67}},"11":{"start":{"line":15,"column":2},"end":{"line":15,"column":51}},"12":{"start":{"line":19,"column":1},"end":{"line":19,"column":27}},"13":{"start":{"line":20,"column":1},"end":{"line":20,"column":15}},"14":{"start":{"line":23,"column":0},"end":{"line":23,"column":26}}},"fnMap":{"0":{"name":"(anonymous_0)","decl":{"start":{"line":4,"column":17},"end":{"line":4,"column":18}},"loc":{"start":{"line":4,"column":29},"end":{"line":21,"column":1}},"line":4},"1":{"name":"(anonymous_1)","decl":{"start":{"line":4,"column":29},"end":{"line":4,"column":30}},"loc":{"start":{"line":4,"column":49},"end":{"line":21,"column":1}},"line":4},"2":{"name":"(anonymous_2)","decl":{"start":{"line":14,"column":41},"end":{"line":14,"column":42}},"loc":{"start":{"line":14,"column":53},"end":{"line":14,"column":67}},"line":14}},"branchMap":{"0":{"loc":{"start":{"line":13,"column":1},"end":{"line":17,"column":2}},"type":"if","locations":[{"start":{"line":13,"column":1},"end":{"line":17,"column":2}},{"start":{},"end":{}}],"line":13}},"s":{"0":4,"1":4,"2":4,"3":12,"4":9,"5":9,"6":9,"7":9,"8":9,"9":0,"10":0,"11":0,"12":9,"13":9,"14":4},"f":{"0":12,"1":9,"2":0},"b":{"0":[0,9]},"_coverageSchema":"1a1c01bbd47fc00a2c39e90264f33305004495a9","hash":"7bf9ae90942cee2317470b2cf495203eb908767d"}
,"C:\\Users\\jmmon\\code\\BeaconFire\\Week4\\Day2\\Week3Day3-Joe Moulton\\Coding Questions\\2. Spotify Lite\\models\\Artist.js": {"path":"C:\\Users\\jmmon\\code\\BeaconFire\\Week4\\Day2\\Week3Day3-Joe Moulton\\Coding Questions\\2. Spotify Lite\\models\\Artist.js","statementMap":{"0":{"start":{"line":1,"column":17},"end":{"line":1,"column":36}},"1":{"start":{"line":2,"column":15},"end":{"line":2,"column":30}},"2":{"start":{"line":3,"column":16},"end":{"line":3,"column":37}},"3":{"start":{"line":4,"column":13},"end":{"line":4,"column":30}},"4":{"start":{"line":5,"column":13},"end":{"line":5,"column":30}},"5":{"start":{"line":8,"column":21},"end":{"line":15,"column":1}},"6":{"start":{"line":20,"column":15},"end":{"line":20,"column":63}},"7":{"start":{"line":22,"column":0},"end":{"line":22,"column":24}}},"fnMap":{},"branchMap":{},"s":{"0":4,"1":4,"2":4,"3":4,"4":4,"5":4,"6":4,"7":4},"f":{},"b":{},"_coverageSchema":"1a1c01bbd47fc00a2c39e90264f33305004495a9","hash":"63220f1edf558c33fcb4bbf2d0724242d0b18b13"}
,"C:\\Users\\jmmon\\code\\BeaconFire\\Week4\\Day2\\Week3Day3-Joe Moulton\\Coding Questions\\2. Spotify Lite\\models\\Song.js": {"path":"C:\\Users\\jmmon\\code\\BeaconFire\\Week4\\Day2\\Week3Day3-Joe Moulton\\Coding Questions\\2. Spotify Lite\\models\\Song.js","statementMap":{"0":{"start":{"line":1,"column":17},"end":{"line":1,"column":36}},"1":{"start":{"line":2,"column":15},"end":{"line":2,"column":30}},"2":{"start":{"line":3,"column":16},"end":{"line":3,"column":37}},"3":{"start":{"line":4,"column":15},"end":{"line":4,"column":34}},"4":{"start":{"line":7,"column":19},"end":{"line":17,"column":1}},"5":{"start":{"line":22,"column":13},"end":{"line":22,"column":55}},"6":{"start":{"line":24,"column":0},"end":{"line":24,"column":22}}},"fnMap":{},"branchMap":{},"s":{"0":4,"1":4,"2":4,"3":4,"4":4,"5":4,"6":4},"f":{},"b":{},"_coverageSchema":"1a1c01bbd47fc00a2c39e90264f33305004495a9","hash":"a5f227448a8902bb55ff67557cf8ec30a1a07fc0"}
,"C:\\Users\\jmmon\\code\\BeaconFire\\Week4\\Day2\\Week3Day3-Joe Moulton\\Coding Questions\\2. Spotify Lite\\models\\User.js": {"path":"C:\\Users\\jmmon\\code\\BeaconFire\\Week4\\Day2\\Week3Day3-Joe Moulton\\Coding Questions\\2. Spotify Lite\\models\\User.js","statementMap":{"0":{"start":{"line":1,"column":17},"end":{"line":1,"column":36}},"1":{"start":{"line":2,"column":15},"end":{"line":2,"column":30}},"2":{"start":{"line":3,"column":16},"end":{"line":3,"column":37}},"3":{"start":{"line":4,"column":13},"end":{"line":4,"column":30}},"4":{"start":{"line":5,"column":15},"end":{"line":5,"column":34}},"5":{"start":{"line":7,"column":15},"end":{"line":7,"column":41}},"6":{"start":{"line":9,"column":19},"end":{"line":18,"column":1}},"7":{"start":{"line":24,"column":0},"end":{"line":43,"column":3}},"8":{"start":{"line":25,"column":14},"end":{"line":25,"column":18}},"9":{"start":{"line":28,"column":1},"end":{"line":28,"column":49}},"10":{"start":{"line":28,"column":35},"end":{"line":28,"column":49}},"11":{"start":{"line":29,"column":1},"end":{"line":29,"column":44}},"12":{"start":{"line":32,"column":1},"end":{"line":42,"column":2}},"13":{"start":{"line":33,"column":21},"end":{"line":33,"column":61}},"14":{"start":{"line":34,"column":2},"end":{"line":34,"column":66}},"15":{"start":{"line":37,"column":2},"end":{"line":37,"column":29}},"16":{"start":{"line":38,"column":2},"end":{"line":38,"column":9}},"17":{"start":{"line":40,"column":2},"end":{"line":40,"column":48}},"18":{"start":{"line":41,"column":2},"end":{"line":41,"column":21}},"19":{"start":{"line":46,"column":0},"end":{"line":61,"column":2}},"20":{"start":{"line":47,"column":1},"end":{"line":50,"column":4}},"21":{"start":{"line":52,"column":1},"end":{"line":60,"column":2}},"22":{"start":{"line":54,"column":21},"end":{"line":54,"column":74}},"23":{"start":{"line":55,"column":2},"end":{"line":55,"column":30}},"24":{"start":{"line":56,"column":2},"end":{"line":56,"column":37}},"25":{"start":{"line":58,"column":2},"end":{"line":58,"column":52}},"26":{"start":{"line":59,"column":2},"end":{"line":59,"column":31}},"27":{"start":{"line":64,"column":0},"end":{"line":67,"column":2}},"28":{"start":{"line":65,"column":14},"end":{"line":65,"column":72}},"29":{"start":{"line":66,"column":1},"end":{"line":66,"column":15}},"30":{"start":{"line":69,"column":0},"end":{"line":72,"column":2}},"31":{"start":{"line":70,"column":14},"end":{"line":70,"column":75}},"32":{"start":{"line":71,"column":1},"end":{"line":71,"column":15}},"33":{"start":{"line":74,"column":13},"end":{"line":74,"column":55}},"34":{"start":{"line":76,"column":0},"end":{"line":76,"column":22}}},"fnMap":{"0":{"name":"(anonymous_0)","decl":{"start":{"line":24,"column":23},"end":{"line":24,"column":24}},"loc":{"start":{"line":24,"column":45},"end":{"line":43,"column":1}},"line":24},"1":{"name":"(anonymous_1)","decl":{"start":{"line":46,"column":37},"end":{"line":46,"column":38}},"loc":{"start":{"line":46,"column":63},"end":{"line":61,"column":1}},"line":46},"2":{"name":"(anonymous_2)","decl":{"start":{"line":64,"column":34},"end":{"line":64,"column":35}},"loc":{"start":{"line":64,"column":72},"end":{"line":67,"column":1}},"line":64},"3":{"name":"(anonymous_3)","decl":{"start":{"line":69,"column":37},"end":{"line":69,"column":38}},"loc":{"start":{"line":69,"column":78},"end":{"line":72,"column":1}},"line":69}},"branchMap":{"0":{"loc":{"start":{"line":28,"column":1},"end":{"line":28,"column":49}},"type":"if","locations":[{"start":{"line":28,"column":1},"end":{"line":28,"column":49}},{"start":{},"end":{}}],"line":28}},"s":{"0":4,"1":4,"2":4,"3":4,"4":4,"5":4,"6":4,"7":4,"8":13,"9":13,"10":5,"11":8,"12":8,"13":8,"14":8,"15":8,"16":8,"17":0,"18":0,"19":4,"20":10,"21":10,"22":10,"23":10,"24":10,"25":0,"26":0,"27":4,"28":2,"29":2,"30":4,"31":3,"32":3,"33":4,"34":4},"f":{"0":13,"1":10,"2":2,"3":3},"b":{"0":[5,8]},"_coverageSchema":"1a1c01bbd47fc00a2c39e90264f33305004495a9","hash":"0691fa19c7b69f0f97bbd7f5bb9bd211f3fe1874"}
,"C:\\Users\\jmmon\\code\\BeaconFire\\Week4\\Day2\\Week3Day3-Joe Moulton\\Coding Questions\\2. Spotify Lite\\models\\index.js": {"path":"C:\\Users\\jmmon\\code\\BeaconFire\\Week4\\Day2\\Week3Day3-Joe Moulton\\Coding Questions\\2. Spotify Lite\\models\\index.js","statementMap":{"0":{"start":{"line":1,"column":0},"end":{"line":1,"column":40}},"1":{"start":{"line":2,"column":0},"end":{"line":2,"column":44}},"2":{"start":{"line":3,"column":0},"end":{"line":3,"column":40}}},"fnMap":{},"branchMap":{},"s":{"0":4,"1":4,"2":4},"f":{},"b":{},"_coverageSchema":"1a1c01bbd47fc00a2c39e90264f33305004495a9","hash":"b6df8a290ab46b2bb18229ab6f5737e25a91a350"}
,"C:\\Users\\jmmon\\code\\BeaconFire\\Week4\\Day2\\Week3Day3-Joe Moulton\\Coding Questions\\2. Spotify Lite\\routes\\artistsRouter.js": {"path":"C:\\Users\\jmmon\\code\\BeaconFire\\Week4\\Day2\\Week3Day3-Joe Moulton\\Coding Questions\\2. Spotify Lite\\routes\\artistsRouter.js","statementMap":{"0":{"start":{"line":1,"column":15},"end":{"line":1,"column":42}},"1":{"start":{"line":2,"column":20},"end":{"line":2,"column":63}},"2":{"start":{"line":3,"column":13},"end":{"line":3,"column":43}},"3":{"start":{"line":5,"column":0},"end":{"line":5,"column":69}},"4":{"start":{"line":7,"column":0},"end":{"line":7,"column":24}}},"fnMap":{},"branchMap":{},"s":{"0":4,"1":4,"2":4,"3":4,"4":4},"f":{},"b":{},"_coverageSchema":"1a1c01bbd47fc00a2c39e90264f33305004495a9","hash":"2999f53ab98f1a73fc9e08675baee1abaeaed0d2"}
,"C:\\Users\\jmmon\\code\\BeaconFire\\Week4\\Day2\\Week3Day3-Joe Moulton\\Coding Questions\\2. Spotify Lite\\routes\\authRouter.js": {"path":"C:\\Users\\jmmon\\code\\BeaconFire\\Week4\\Day2\\Week3Day3-Joe Moulton\\Coding Questions\\2. Spotify Lite\\routes\\authRouter.js","statementMap":{"0":{"start":{"line":1,"column":15},"end":{"line":1,"column":42}},"1":{"start":{"line":2,"column":20},"end":{"line":2,"column":60}},"2":{"start":{"line":3,"column":13},"end":{"line":3,"column":43}},"3":{"start":{"line":4,"column":17},"end":{"line":4,"column":51}},"4":{"start":{"line":5,"column":36},"end":{"line":5,"column":77}},"5":{"start":{"line":7,"column":0},"end":{"line":7,"column":67}},"6":{"start":{"line":8,"column":0},"end":{"line":8,"column":76}},"7":{"start":{"line":9,"column":0},"end":{"line":9,"column":47}},"8":{"start":{"line":11,"column":0},"end":{"line":11,"column":24}}},"fnMap":{},"branchMap":{},"s":{"0":4,"1":4,"2":4,"3":4,"4":4,"5":4,"6":4,"7":4,"8":4},"f":{},"b":{},"_coverageSchema":"1a1c01bbd47fc00a2c39e90264f33305004495a9","hash":"1af25bfa2e19dc0ed9496c1d0bbc03a8f496b14f"}
,"C:\\Users\\jmmon\\code\\BeaconFire\\Week4\\Day2\\Week3Day3-Joe Moulton\\Coding Questions\\2. Spotify Lite\\routes\\index.js": {"path":"C:\\Users\\jmmon\\code\\BeaconFire\\Week4\\Day2\\Week3Day3-Joe Moulton\\Coding Questions\\2. Spotify Lite\\routes\\index.js","statementMap":{"0":{"start":{"line":1,"column":0},"end":{"line":1,"column":51}},"1":{"start":{"line":2,"column":0},"end":{"line":2,"column":47}},"2":{"start":{"line":3,"column":0},"end":{"line":3,"column":45}},"3":{"start":{"line":4,"column":0},"end":{"line":4,"column":45}}},"fnMap":{},"branchMap":{},"s":{"0":4,"1":4,"2":4,"3":4},"f":{},"b":{},"_coverageSchema":"1a1c01bbd47fc00a2c39e90264f33305004495a9","hash":"f628a6b8b96c1a4ab4bba4b650debaa26db5d4ce"}
,"C:\\Users\\jmmon\\code\\BeaconFire\\Week4\\Day2\\Week3Day3-Joe Moulton\\Coding Questions\\2. Spotify Lite\\routes\\songsRouter.js": {"path":"C:\\Users\\jmmon\\code\\BeaconFire\\Week4\\Day2\\Week3Day3-Joe Moulton\\Coding Questions\\2. Spotify Lite\\routes\\songsRouter.js","statementMap":{"0":{"start":{"line":1,"column":15},"end":{"line":1,"column":42}},"1":{"start":{"line":2,"column":20},"end":{"line":2,"column":61}},"2":{"start":{"line":3,"column":13},"end":{"line":3,"column":43}},"3":{"start":{"line":5,"column":0},"end":{"line":5,"column":50}},"4":{"start":{"line":6,"column":0},"end":{"line":6,"column":54}},"5":{"start":{"line":7,"column":0},"end":{"line":7,"column":61}},"6":{"start":{"line":9,"column":0},"end":{"line":9,"column":24}}},"fnMap":{},"branchMap":{},"s":{"0":4,"1":4,"2":4,"3":4,"4":4,"5":4,"6":4},"f":{},"b":{},"_coverageSchema":"1a1c01bbd47fc00a2c39e90264f33305004495a9","hash":"4dd68741fdfd38773fe17b8187c2a6e9fcd2866e"}
,"C:\\Users\\jmmon\\code\\BeaconFire\\Week4\\Day2\\Week3Day3-Joe Moulton\\Coding Questions\\2. Spotify Lite\\routes\\userRouter.js": {"path":"C:\\Users\\jmmon\\code\\BeaconFire\\Week4\\Day2\\Week3Day3-Joe Moulton\\Coding Questions\\2. Spotify Lite\\routes\\userRouter.js","statementMap":{"0":{"start":{"line":1,"column":15},"end":{"line":1,"column":42}},"1":{"start":{"line":2,"column":20},"end":{"line":2,"column":60}},"2":{"start":{"line":3,"column":13},"end":{"line":3,"column":43}},"3":{"start":{"line":4,"column":17},"end":{"line":4,"column":51}},"4":{"start":{"line":5,"column":21},"end":{"line":5,"column":62}},"5":{"start":{"line":7,"column":0},"end":{"line":7,"column":59}},"6":{"start":{"line":8,"column":0},"end":{"line":8,"column":76}},"7":{"start":{"line":9,"column":0},"end":{"line":9,"column":47}},"8":{"start":{"line":11,"column":0},"end":{"line":11,"column":24}}},"fnMap":{},"branchMap":{},"s":{"0":4,"1":4,"2":4,"3":4,"4":4,"5":4,"6":4,"7":4,"8":4},"f":{},"b":{},"_coverageSchema":"1a1c01bbd47fc00a2c39e90264f33305004495a9","hash":"fd60115bbe442456f3758ef932654162e609f0df"}
,"C:\\Users\\jmmon\\code\\BeaconFire\\Week4\\Day2\\Week3Day3-Joe Moulton\\Coding Questions\\2. Spotify Lite\\services\\artistService.js": {"path":"C:\\Users\\jmmon\\code\\BeaconFire\\Week4\\Day2\\Week3Day3-Joe Moulton\\Coding Questions\\2. Spotify Lite\\services\\artistService.js","statementMap":{"0":{"start":{"line":1,"column":17},"end":{"line":1,"column":37}},"1":{"start":{"line":3,"column":22},"end":{"line":3,"column":55}},"2":{"start":{"line":3,"column":36},"end":{"line":3,"column":55}},"3":{"start":{"line":4,"column":21},"end":{"line":4,"column":68}},"4":{"start":{"line":4,"column":43},"end":{"line":4,"column":68}},"5":{"start":{"line":7,"column":34},"end":{"line":11,"column":1}},"6":{"start":{"line":8,"column":1},"end":{"line":8,"column":32}},"7":{"start":{"line":9,"column":1},"end":{"line":9,"column":21}},"8":{"start":{"line":10,"column":1},"end":{"line":10,"column":15}},"9":{"start":{"line":14,"column":36},"end":{"line":19,"column":1}},"10":{"start":{"line":15,"column":21},"end":{"line":15,"column":54}},"11":{"start":{"line":16,"column":1},"end":{"line":16,"column":42}},"12":{"start":{"line":17,"column":1},"end":{"line":17,"column":21}},"13":{"start":{"line":18,"column":1},"end":{"line":18,"column":15}},"14":{"start":{"line":22,"column":0},"end":{"line":27,"column":1}}},"fnMap":{"0":{"name":"(anonymous_0)","decl":{"start":{"line":3,"column":22},"end":{"line":3,"column":23}},"loc":{"start":{"line":3,"column":36},"end":{"line":3,"column":55}},"line":3},"1":{"name":"(anonymous_1)","decl":{"start":{"line":4,"column":21},"end":{"line":4,"column":22}},"loc":{"start":{"line":4,"column":43},"end":{"line":4,"column":68}},"line":4},"2":{"name":"(anonymous_2)","decl":{"start":{"line":7,"column":34},"end":{"line":7,"column":35}},"loc":{"start":{"line":7,"column":60},"end":{"line":11,"column":1}},"line":7},"3":{"name":"(anonymous_3)","decl":{"start":{"line":14,"column":36},"end":{"line":14,"column":37}},"loc":{"start":{"line":14,"column":62},"end":{"line":19,"column":1}},"line":14}},"branchMap":{},"s":{"0":4,"1":4,"2":2,"3":4,"4":0,"5":4,"6":1,"7":1,"8":1,"9":4,"10":1,"11":1,"12":1,"13":1,"14":4},"f":{"0":2,"1":0,"2":1,"3":1},"b":{},"_coverageSchema":"1a1c01bbd47fc00a2c39e90264f33305004495a9","hash":"02a996966f08265a3497c29bc844b7391b6f0a4a"}
,"C:\\Users\\jmmon\\code\\BeaconFire\\Week4\\Day2\\Week3Day3-Joe Moulton\\Coding Questions\\2. Spotify Lite\\services\\authService.js": {"path":"C:\\Users\\jmmon\\code\\BeaconFire\\Week4\\Day2\\Week3Day3-Joe Moulton\\Coding Questions\\2. Spotify Lite\\services\\authService.js","statementMap":{"0":{"start":{"line":1,"column":20},"end":{"line":1,"column":44}},"1":{"start":{"line":3,"column":38},"end":{"line":10,"column":1}},"2":{"start":{"line":4,"column":14},"end":{"line":4,"column":53}},"3":{"start":{"line":5,"column":1},"end":{"line":5,"column":65}},"4":{"start":{"line":5,"column":12},"end":{"line":5,"column":65}},"5":{"start":{"line":6,"column":1},"end":{"line":8,"column":2}},"6":{"start":{"line":7,"column":2},"end":{"line":7,"column":59}},"7":{"start":{"line":9,"column":1},"end":{"line":9,"column":13}},"8":{"start":{"line":12,"column":41},"end":{"line":19,"column":1}},"9":{"start":{"line":13,"column":14},"end":{"line":13,"column":59}},"10":{"start":{"line":14,"column":1},"end":{"line":14,"column":69}},"11":{"start":{"line":14,"column":12},"end":{"line":14,"column":69}},"12":{"start":{"line":15,"column":1},"end":{"line":16,"column":59}},"13":{"start":{"line":16,"column":2},"end":{"line":16,"column":59}},"14":{"start":{"line":18,"column":1},"end":{"line":18,"column":13}},"15":{"start":{"line":22,"column":37},"end":{"line":38,"column":1}},"16":{"start":{"line":23,"column":1},"end":{"line":23,"column":109}},"17":{"start":{"line":23,"column":26},"end":{"line":23,"column":109}},"18":{"start":{"line":25,"column":1},"end":{"line":25,"column":81}},"19":{"start":{"line":25,"column":16},"end":{"line":25,"column":81}},"20":{"start":{"line":28,"column":18},"end":{"line":28,"column":20}},"21":{"start":{"line":29,"column":1},"end":{"line":29,"column":83}},"22":{"start":{"line":29,"column":15},"end":{"line":29,"column":83}},"23":{"start":{"line":30,"column":1},"end":{"line":30,"column":74}},"24":{"start":{"line":30,"column":12},"end":{"line":30,"column":74}},"25":{"start":{"line":33,"column":17},"end":{"line":33,"column":51}},"26":{"start":{"line":34,"column":32},"end":{"line":34,"column":80}},"27":{"start":{"line":34,"column":52},"end":{"line":34,"column":76}},"28":{"start":{"line":35,"column":1},"end":{"line":35,"column":45}},"29":{"start":{"line":36,"column":1},"end":{"line":36,"column":97}},"30":{"start":{"line":36,"column":30},"end":{"line":36,"column":97}},"31":{"start":{"line":37,"column":1},"end":{"line":37,"column":36}},"32":{"start":{"line":40,"column":0},"end":{"line":44,"column":2}}},"fnMap":{"0":{"name":"(anonymous_0)","decl":{"start":{"line":3,"column":38},"end":{"line":3,"column":39}},"loc":{"start":{"line":3,"column":65},"end":{"line":10,"column":1}},"line":3},"1":{"name":"(anonymous_1)","decl":{"start":{"line":12,"column":41},"end":{"line":12,"column":42}},"loc":{"start":{"line":12,"column":71},"end":{"line":19,"column":1}},"line":12},"2":{"name":"(anonymous_2)","decl":{"start":{"line":22,"column":37},"end":{"line":22,"column":38}},"loc":{"start":{"line":22,"column":74},"end":{"line":38,"column":1}},"line":22},"3":{"name":"(anonymous_3)","decl":{"start":{"line":34,"column":47},"end":{"line":34,"column":48}},"loc":{"start":{"line":34,"column":52},"end":{"line":34,"column":76}},"line":34}},"branchMap":{"0":{"loc":{"start":{"line":5,"column":1},"end":{"line":5,"column":65}},"type":"if","locations":[{"start":{"line":5,"column":1},"end":{"line":5,"column":65}},{"start":{},"end":{}}],"line":5},"1":{"loc":{"start":{"line":6,"column":1},"end":{"line":8,"column":2}},"type":"if","locations":[{"start":{"line":6,"column":1},"end":{"line":8,"column":2}},{"start":{},"end":{}}],"line":6},"2":{"loc":{"start":{"line":14,"column":1},"end":{"line":14,"column":69}},"type":"if","locations":[{"start":{"line":14,"column":1},"end":{"line":14,"column":69}},{"start":{},"end":{}}],"line":14},"3":{"loc":{"start":{"line":15,"column":1},"end":{"line":16,"column":59}},"type":"if","locations":[{"start":{"line":15,"column":1},"end":{"line":16,"column":59}},{"start":{},"end":{}}],"line":15},"4":{"loc":{"start":{"line":23,"column":1},"end":{"line":23,"column":109}},"type":"if","locations":[{"start":{"line":23,"column":1},"end":{"line":23,"column":109}},{"start":{},"end":{}}],"line":23},"5":{"loc":{"start":{"line":23,"column":5},"end":{"line":23,"column":24}},"type":"binary-expr","locations":[{"start":{"line":23,"column":5},"end":{"line":23,"column":14}},{"start":{"line":23,"column":18},"end":{"line":23,"column":24}}],"line":23},"6":{"loc":{"start":{"line":25,"column":1},"end":{"line":25,"column":81}},"type":"if","locations":[{"start":{"line":25,"column":1},"end":{"line":25,"column":81}},{"start":{},"end":{}}],"line":25},"7":{"loc":{"start":{"line":29,"column":1},"end":{"line":29,"column":83}},"type":"if","locations":[{"start":{"line":29,"column":1},"end":{"line":29,"column":83}},{"start":{},"end":{}}],"line":29},"8":{"loc":{"start":{"line":30,"column":1},"end":{"line":30,"column":74}},"type":"if","locations":[{"start":{"line":30,"column":1},"end":{"line":30,"column":74}},{"start":{},"end":{}}],"line":30},"9":{"loc":{"start":{"line":36,"column":1},"end":{"line":36,"column":97}},"type":"if","locations":[{"start":{"line":36,"column":1},"end":{"line":36,"column":97}},{"start":{},"end":{}}],"line":36}},"s":{"0":4,"1":4,"2":6,"3":6,"4":1,"5":5,"6":0,"7":5,"8":4,"9":6,"10":6,"11":1,"12":5,"13":0,"14":5,"15":4,"16":6,"17":0,"18":6,"19":0,"20":6,"21":6,"22":6,"23":6,"24":6,"25":6,"26":6,"27":12,"28":6,"29":6,"30":1,"31":5,"32":4},"f":{"0":6,"1":6,"2":6,"3":12},"b":{"0":[1,5],"1":[0,5],"2":[1,5],"3":[0,5],"4":[0,6],"5":[6,0],"6":[0,6],"7":[6,0],"8":[6,0],"9":[1,5]},"_coverageSchema":"1a1c01bbd47fc00a2c39e90264f33305004495a9","hash":"af1c8e88b6326078efbdb278e714d7a8446852dc"}
,"C:\\Users\\jmmon\\code\\BeaconFire\\Week4\\Day2\\Week3Day3-Joe Moulton\\Coding Questions\\2. Spotify Lite\\services\\songService.js": {"path":"C:\\Users\\jmmon\\code\\BeaconFire\\Week4\\Day2\\Week3Day3-Joe Moulton\\Coding Questions\\2. Spotify Lite\\services\\songService.js","statementMap":{"0":{"start":{"line":1,"column":13},"end":{"line":1,"column":38}},"1":{"start":{"line":6,"column":20},"end":{"line":6,"column":51}},"2":{"start":{"line":6,"column":34},"end":{"line":6,"column":51}},"3":{"start":{"line":8,"column":19},"end":{"line":11,"column":1}},"4":{"start":{"line":9,"column":15},"end":{"line":9,"column":38}},"5":{"start":{"line":10,"column":2},"end":{"line":10,"column":15}},"6":{"start":{"line":14,"column":29},"end":{"line":18,"column":1}},"7":{"start":{"line":15,"column":1},"end":{"line":15,"column":27}},"8":{"start":{"line":16,"column":1},"end":{"line":16,"column":19}},"9":{"start":{"line":17,"column":1},"end":{"line":17,"column":13}},"10":{"start":{"line":21,"column":31},"end":{"line":26,"column":1}},"11":{"start":{"line":22,"column":21},"end":{"line":22,"column":49}},"12":{"start":{"line":23,"column":1},"end":{"line":23,"column":37}},"13":{"start":{"line":24,"column":1},"end":{"line":24,"column":19}},"14":{"start":{"line":25,"column":1},"end":{"line":25,"column":13}},"15":{"start":{"line":28,"column":0},"end":{"line":33,"column":1}}},"fnMap":{"0":{"name":"(anonymous_0)","decl":{"start":{"line":6,"column":20},"end":{"line":6,"column":21}},"loc":{"start":{"line":6,"column":34},"end":{"line":6,"column":51}},"line":6},"1":{"name":"(anonymous_1)","decl":{"start":{"line":8,"column":19},"end":{"line":8,"column":20}},"loc":{"start":{"line":8,"column":37},"end":{"line":11,"column":1}},"line":8},"2":{"name":"(anonymous_2)","decl":{"start":{"line":14,"column":29},"end":{"line":14,"column":30}},"loc":{"start":{"line":14,"column":53},"end":{"line":18,"column":1}},"line":14},"3":{"name":"(anonymous_3)","decl":{"start":{"line":21,"column":31},"end":{"line":21,"column":32}},"loc":{"start":{"line":21,"column":55},"end":{"line":26,"column":1}},"line":21}},"branchMap":{},"s":{"0":4,"1":4,"2":2,"3":4,"4":3,"5":3,"6":4,"7":0,"8":0,"9":0,"10":4,"11":1,"12":1,"13":1,"14":1,"15":4},"f":{"0":2,"1":3,"2":0,"3":1},"b":{},"_coverageSchema":"1a1c01bbd47fc00a2c39e90264f33305004495a9","hash":"810eef33155d423851e147d8342cab4d6a796adb"}
,"C:\\Users\\jmmon\\code\\BeaconFire\\Week4\\Day2\\Week3Day3-Joe Moulton\\Coding Questions\\2. Spotify Lite\\services\\tokenService.js": {"path":"C:\\Users\\jmmon\\code\\BeaconFire\\Week4\\Day2\\Week3Day3-Joe Moulton\\Coding Questions\\2. Spotify Lite\\services\\tokenService.js","statementMap":{"0":{"start":{"line":1,"column":19},"end":{"line":1,"column":49}},"1":{"start":{"line":2,"column":12},"end":{"line":2,"column":35}},"2":{"start":{"line":3,"column":13},"end":{"line":3,"column":28}},"3":{"start":{"line":4,"column":0},"end":{"line":4,"column":66}},"4":{"start":{"line":6,"column":0},"end":{"line":10,"column":2}},"5":{"start":{"line":7,"column":1},"end":{"line":7,"column":42}},"6":{"start":{"line":7,"column":32},"end":{"line":7,"column":42}},"7":{"start":{"line":8,"column":14},"end":{"line":8,"column":61}},"8":{"start":{"line":9,"column":1},"end":{"line":9,"column":15}},"9":{"start":{"line":12,"column":0},"end":{"line":21,"column":2}},"10":{"start":{"line":13,"column":17},"end":{"line":19,"column":2}},"11":{"start":{"line":20,"column":1},"end":{"line":20,"column":50}}},"fnMap":{"0":{"name":"(anonymous_0)","decl":{"start":{"line":6,"column":30},"end":{"line":6,"column":31}},"loc":{"start":{"line":6,"column":43},"end":{"line":10,"column":1}},"line":6},"1":{"name":"(anonymous_1)","decl":{"start":{"line":12,"column":20},"end":{"line":12,"column":21}},"loc":{"start":{"line":12,"column":30},"end":{"line":21,"column":1}},"line":12}},"branchMap":{"0":{"loc":{"start":{"line":7,"column":1},"end":{"line":7,"column":42}},"type":"if","locations":[{"start":{"line":7,"column":1},"end":{"line":7,"column":42}},{"start":{},"end":{}}],"line":7},"1":{"loc":{"start":{"line":7,"column":5},"end":{"line":7,"column":30}},"type":"binary-expr","locations":[{"start":{"line":7,"column":5},"end":{"line":7,"column":13}},{"start":{"line":7,"column":17},"end":{"line":7,"column":30}}],"line":7}},"s":{"0":4,"1":4,"2":4,"3":4,"4":4,"5":14,"6":6,"7":8,"8":8,"9":4,"10":7,"11":7},"f":{"0":14,"1":7},"b":{"0":[6,8],"1":[14,14]},"_coverageSchema":"1a1c01bbd47fc00a2c39e90264f33305004495a9","hash":"ae71e18c4b56eab0b1cebe188c81b0730e09e9b7"}
,"C:\\Users\\jmmon\\code\\BeaconFire\\Week4\\Day2\\Week3Day3-Joe Moulton\\Coding Questions\\2. Spotify Lite\\services\\transactionService.js": {"path":"C:\\Users\\jmmon\\code\\BeaconFire\\Week4\\Day2\\Week3Day3-Joe Moulton\\Coding Questions\\2. Spotify Lite\\services\\transactionService.js","statementMap":{"0":{"start":{"line":1,"column":20},"end":{"line":1,"column":54}},"1":{"start":{"line":2,"column":22},"end":{"line":2,"column":58}},"2":{"start":{"line":3,"column":20},"end":{"line":3,"column":54}},"3":{"start":{"line":7,"column":29},"end":{"line":14,"column":1}},"4":{"start":{"line":8,"column":24},"end":{"line":11,"column":3}},"5":{"start":{"line":12,"column":1},"end":{"line":12,"column":64}},"6":{"start":{"line":13,"column":1},"end":{"line":13,"column":25}},"7":{"start":{"line":19,"column":32},"end":{"line":31,"column":1}},"8":{"start":{"line":20,"column":1},"end":{"line":20,"column":59}},"9":{"start":{"line":21,"column":26},"end":{"line":21,"column":62}},"10":{"start":{"line":22,"column":18},"end":{"line":27,"column":2}},"11":{"start":{"line":28,"column":38},"end":{"line":28,"column":65}},"12":{"start":{"line":29,"column":1},"end":{"line":29,"column":45}},"13":{"start":{"line":30,"column":1},"end":{"line":30,"column":53}},"14":{"start":{"line":36,"column":34},"end":{"line":48,"column":1}},"15":{"start":{"line":37,"column":1},"end":{"line":37,"column":61}},"16":{"start":{"line":38,"column":26},"end":{"line":38,"column":62}},"17":{"start":{"line":39,"column":18},"end":{"line":44,"column":2}},"18":{"start":{"line":45,"column":38},"end":{"line":45,"column":65}},"19":{"start":{"line":46,"column":1},"end":{"line":46,"column":45}},"20":{"start":{"line":47,"column":1},"end":{"line":47,"column":53}},"21":{"start":{"line":50,"column":27},"end":{"line":58,"column":1}},"22":{"start":{"line":51,"column":1},"end":{"line":51,"column":55}},"23":{"start":{"line":52,"column":22},"end":{"line":55,"column":3}},"24":{"start":{"line":56,"column":1},"end":{"line":56,"column":60}},"25":{"start":{"line":57,"column":1},"end":{"line":57,"column":23}},"26":{"start":{"line":63,"column":28},"end":{"line":72,"column":1}},"27":{"start":{"line":64,"column":21},"end":{"line":64,"column":52}},"28":{"start":{"line":65,"column":18},"end":{"line":68,"column":2}},"29":{"start":{"line":69,"column":36},"end":{"line":69,"column":63}},"30":{"start":{"line":70,"column":1},"end":{"line":70,"column":43}},"31":{"start":{"line":71,"column":1},"end":{"line":71,"column":49}},"32":{"start":{"line":77,"column":30},"end":{"line":86,"column":1}},"33":{"start":{"line":78,"column":21},"end":{"line":78,"column":52}},"34":{"start":{"line":79,"column":18},"end":{"line":82,"column":2}},"35":{"start":{"line":83,"column":36},"end":{"line":83,"column":63}},"36":{"start":{"line":84,"column":1},"end":{"line":84,"column":43}},"37":{"start":{"line":85,"column":1},"end":{"line":85,"column":49}},"38":{"start":{"line":88,"column":0},"end":{"line":96,"column":2}}},"fnMap":{"0":{"name":"(anonymous_0)","decl":{"start":{"line":7,"column":29},"end":{"line":7,"column":30}},"loc":{"start":{"line":7,"column":57},"end":{"line":14,"column":1}},"line":7},"1":{"name":"(anonymous_1)","decl":{"start":{"line":19,"column":32},"end":{"line":19,"column":33}},"loc":{"start":{"line":19,"column":56},"end":{"line":31,"column":1}},"line":19},"2":{"name":"(anonymous_2)","decl":{"start":{"line":36,"column":34},"end":{"line":36,"column":35}},"loc":{"start":{"line":36,"column":58},"end":{"line":48,"column":1}},"line":36},"3":{"name":"(anonymous_3)","decl":{"start":{"line":50,"column":27},"end":{"line":50,"column":28}},"loc":{"start":{"line":50,"column":53},"end":{"line":58,"column":1}},"line":50},"4":{"name":"(anonymous_4)","decl":{"start":{"line":63,"column":28},"end":{"line":63,"column":29}},"loc":{"start":{"line":63,"column":50},"end":{"line":72,"column":1}},"line":63},"5":{"name":"(anonymous_5)","decl":{"start":{"line":77,"column":30},"end":{"line":77,"column":31}},"loc":{"start":{"line":77,"column":52},"end":{"line":86,"column":1}},"line":77}},"branchMap":{"0":{"loc":{"start":{"line":24,"column":2},"end":{"line":26,"column":28}},"type":"cond-expr","locations":[{"start":{"line":25,"column":5},"end":{"line":25,"column":62}},{"start":{"line":26,"column":5},"end":{"line":26,"column":28}}],"line":24},"1":{"loc":{"start":{"line":41,"column":2},"end":{"line":43,"column":28}},"type":"cond-expr","locations":[{"start":{"line":42,"column":5},"end":{"line":42,"column":64}},{"start":{"line":43,"column":5},"end":{"line":43,"column":28}}],"line":41},"2":{"loc":{"start":{"line":67,"column":2},"end":{"line":67,"column":89}},"type":"cond-expr","locations":[{"start":{"line":67,"column":17},"end":{"line":67,"column":65}},{"start":{"line":67,"column":68},"end":{"line":67,"column":89}}],"line":67},"3":{"loc":{"start":{"line":81,"column":2},"end":{"line":81,"column":90}},"type":"cond-expr","locations":[{"start":{"line":81,"column":16},"end":{"line":81,"column":66}},{"start":{"line":81,"column":69},"end":{"line":81,"column":90}}],"line":81}},"s":{"0":4,"1":4,"2":4,"3":4,"4":2,"5":2,"6":2,"7":4,"8":1,"9":1,"10":1,"11":1,"12":1,"13":1,"14":4,"15":1,"16":1,"17":1,"18":1,"19":1,"20":1,"21":4,"22":2,"23":2,"24":2,"25":2,"26":4,"27":1,"28":1,"29":1,"30":1,"31":1,"32":4,"33":1,"34":1,"35":1,"36":1,"37":1,"38":4},"f":{"0":2,"1":1,"2":1,"3":2,"4":1,"5":1},"b":{"0":[1,0],"1":[1,0],"2":[0,1],"3":[1,0]},"_coverageSchema":"1a1c01bbd47fc00a2c39e90264f33305004495a9","hash":"965bff9b6c9998a7f252d7c2a6dc0b240a5e865a"}
,"C:\\Users\\jmmon\\code\\BeaconFire\\Week4\\Day2\\Week3Day3-Joe Moulton\\Coding Questions\\2. Spotify Lite\\services\\userService.js": {"path":"C:\\Users\\jmmon\\code\\BeaconFire\\Week4\\Day2\\Week3Day3-Joe Moulton\\Coding Questions\\2. Spotify Lite\\services\\userService.js","statementMap":{"0":{"start":{"line":1,"column":13},"end":{"line":1,"column":38}},"1":{"start":{"line":3,"column":20},"end":{"line":3,"column":51}},"2":{"start":{"line":3,"column":34},"end":{"line":3,"column":51}},"3":{"start":{"line":4,"column":23},"end":{"line":4,"column":63}},"4":{"start":{"line":4,"column":40},"end":{"line":4,"column":63}},"5":{"start":{"line":5,"column":26},"end":{"line":5,"column":72}},"6":{"start":{"line":5,"column":46},"end":{"line":5,"column":72}},"7":{"start":{"line":7,"column":19},"end":{"line":30,"column":1}},"8":{"start":{"line":8,"column":18},"end":{"line":8,"column":20}},"9":{"start":{"line":9,"column":18},"end":{"line":9,"column":20}},"10":{"start":{"line":10,"column":1},"end":{"line":13,"column":2}},"11":{"start":{"line":11,"column":2},"end":{"line":11,"column":51}},"12":{"start":{"line":12,"column":2},"end":{"line":12,"column":81}},"13":{"start":{"line":14,"column":1},"end":{"line":17,"column":2}},"14":{"start":{"line":15,"column":2},"end":{"line":15,"column":57}},"15":{"start":{"line":16,"column":2},"end":{"line":16,"column":84}},"16":{"start":{"line":19,"column":17},"end":{"line":19,"column":44}},"17":{"start":{"line":20,"column":1},"end":{"line":20,"column":26}},"18":{"start":{"line":22,"column":1},"end":{"line":27,"column":4}},"19":{"start":{"line":23,"column":2},"end":{"line":26,"column":3}},"20":{"start":{"line":24,"column":3},"end":{"line":24,"column":63}},"21":{"start":{"line":25,"column":3},"end":{"line":25,"column":25}},"22":{"start":{"line":29,"column":1},"end":{"line":29,"column":30}},"23":{"start":{"line":33,"column":23},"end":{"line":68,"column":1}},"24":{"start":{"line":34,"column":14},"end":{"line":34,"column":39}},"25":{"start":{"line":35,"column":1},"end":{"line":37,"column":2}},"26":{"start":{"line":36,"column":2},"end":{"line":36,"column":71}},"27":{"start":{"line":40,"column":18},"end":{"line":40,"column":20}},"28":{"start":{"line":41,"column":18},"end":{"line":41,"column":20}},"29":{"start":{"line":42,"column":1},"end":{"line":45,"column":2}},"30":{"start":{"line":43,"column":2},"end":{"line":43,"column":62}},"31":{"start":{"line":44,"column":2},"end":{"line":44,"column":94}},"32":{"start":{"line":46,"column":1},"end":{"line":49,"column":2}},"33":{"start":{"line":47,"column":2},"end":{"line":47,"column":53}},"34":{"start":{"line":48,"column":2},"end":{"line":48,"column":85}},"35":{"start":{"line":50,"column":1},"end":{"line":53,"column":2}},"36":{"start":{"line":51,"column":2},"end":{"line":51,"column":59}},"37":{"start":{"line":52,"column":2},"end":{"line":52,"column":88}},"38":{"start":{"line":55,"column":17},"end":{"line":55,"column":51}},"39":{"start":{"line":56,"column":1},"end":{"line":56,"column":26}},"40":{"start":{"line":58,"column":1},"end":{"line":63,"column":4}},"41":{"start":{"line":59,"column":2},"end":{"line":59,"column":40}},"42":{"start":{"line":60,"column":2},"end":{"line":62,"column":3}},"43":{"start":{"line":61,"column":3},"end":{"line":61,"column":25}},"44":{"start":{"line":65,"column":1},"end":{"line":65,"column":33}},"45":{"start":{"line":66,"column":1},"end":{"line":66,"column":19}},"46":{"start":{"line":67,"column":1},"end":{"line":67,"column":12}},"47":{"start":{"line":71,"column":37},"end":{"line":82,"column":1}},"48":{"start":{"line":72,"column":14},"end":{"line":72,"column":39}},"49":{"start":{"line":73,"column":1},"end":{"line":75,"column":2}},"50":{"start":{"line":74,"column":2},"end":{"line":74,"column":85}},"51":{"start":{"line":76,"column":18},"end":{"line":76,"column":20}},"52":{"start":{"line":77,"column":1},"end":{"line":79,"column":2}},"53":{"start":{"line":77,"column":14},"end":{"line":77,"column":15}},"54":{"start":{"line":78,"column":2},"end":{"line":78,"column":46}},"55":{"start":{"line":80,"column":1},"end":{"line":80,"column":36}},"56":{"start":{"line":81,"column":1},"end":{"line":81,"column":13}},"57":{"start":{"line":86,"column":30},"end":{"line":90,"column":1}},"58":{"start":{"line":87,"column":1},"end":{"line":87,"column":37}},"59":{"start":{"line":88,"column":1},"end":{"line":88,"column":19}},"60":{"start":{"line":89,"column":1},"end":{"line":89,"column":13}},"61":{"start":{"line":93,"column":32},"end":{"line":98,"column":1}},"62":{"start":{"line":94,"column":23},"end":{"line":94,"column":61}},"63":{"start":{"line":95,"column":1},"end":{"line":95,"column":47}},"64":{"start":{"line":96,"column":1},"end":{"line":96,"column":19}},"65":{"start":{"line":97,"column":1},"end":{"line":97,"column":13}},"66":{"start":{"line":101,"column":26},"end":{"line":105,"column":1}},"67":{"start":{"line":102,"column":1},"end":{"line":102,"column":30}},"68":{"start":{"line":103,"column":1},"end":{"line":103,"column":19}},"69":{"start":{"line":104,"column":1},"end":{"line":104,"column":13}},"70":{"start":{"line":108,"column":28},"end":{"line":113,"column":1}},"71":{"start":{"line":109,"column":21},"end":{"line":109,"column":52}},"72":{"start":{"line":110,"column":1},"end":{"line":110,"column":40}},"73":{"start":{"line":111,"column":1},"end":{"line":111,"column":19}},"74":{"start":{"line":112,"column":1},"end":{"line":112,"column":13}},"75":{"start":{"line":115,"column":0},"end":{"line":126,"column":2}}},"fnMap":{"0":{"name":"(anonymous_0)","decl":{"start":{"line":3,"column":20},"end":{"line":3,"column":21}},"loc":{"start":{"line":3,"column":34},"end":{"line":3,"column":51}},"line":3},"1":{"name":"(anonymous_1)","decl":{"start":{"line":4,"column":23},"end":{"line":4,"column":24}},"loc":{"start":{"line":4,"column":40},"end":{"line":4,"column":63}},"line":4},"2":{"name":"(anonymous_2)","decl":{"start":{"line":5,"column":26},"end":{"line":5,"column":27}},"loc":{"start":{"line":5,"column":46},"end":{"line":5,"column":72}},"line":5},"3":{"name":"(anonymous_3)","decl":{"start":{"line":7,"column":19},"end":{"line":7,"column":20}},"loc":{"start":{"line":7,"column":39},"end":{"line":30,"column":1}},"line":7},"4":{"name":"(anonymous_4)","decl":{"start":{"line":22,"column":17},"end":{"line":22,"column":18}},"loc":{"start":{"line":22,"column":37},"end":{"line":27,"column":2}},"line":22},"5":{"name":"(anonymous_5)","decl":{"start":{"line":33,"column":23},"end":{"line":33,"column":24}},"loc":{"start":{"line":33,"column":53},"end":{"line":68,"column":1}},"line":33},"6":{"name":"(anonymous_6)","decl":{"start":{"line":58,"column":17},"end":{"line":58,"column":18}},"loc":{"start":{"line":58,"column":37},"end":{"line":63,"column":2}},"line":58},"7":{"name":"(anonymous_7)","decl":{"start":{"line":71,"column":37},"end":{"line":71,"column":38}},"loc":{"start":{"line":71,"column":67},"end":{"line":82,"column":1}},"line":71},"8":{"name":"(anonymous_8)","decl":{"start":{"line":86,"column":30},"end":{"line":86,"column":31}},"loc":{"start":{"line":86,"column":56},"end":{"line":90,"column":1}},"line":86},"9":{"name":"(anonymous_9)","decl":{"start":{"line":93,"column":32},"end":{"line":93,"column":33}},"loc":{"start":{"line":93,"column":58},"end":{"line":98,"column":1}},"line":93},"10":{"name":"(anonymous_10)","decl":{"start":{"line":101,"column":26},"end":{"line":101,"column":27}},"loc":{"start":{"line":101,"column":50},"end":{"line":105,"column":1}},"line":101},"11":{"name":"(anonymous_11)","decl":{"start":{"line":108,"column":28},"end":{"line":108,"column":29}},"loc":{"start":{"line":108,"column":52},"end":{"line":113,"column":1}},"line":108}},"branchMap":{"0":{"loc":{"start":{"line":10,"column":1},"end":{"line":13,"column":2}},"type":"if","locations":[{"start":{"line":10,"column":1},"end":{"line":13,"column":2}},{"start":{},"end":{}}],"line":10},"1":{"loc":{"start":{"line":14,"column":1},"end":{"line":17,"column":2}},"type":"if","locations":[{"start":{"line":14,"column":1},"end":{"line":17,"column":2}},{"start":{},"end":{}}],"line":14},"2":{"loc":{"start":{"line":23,"column":2},"end":{"line":26,"column":3}},"type":"if","locations":[{"start":{"line":23,"column":2},"end":{"line":26,"column":3}},{"start":{},"end":{}}],"line":23},"3":{"loc":{"start":{"line":35,"column":1},"end":{"line":37,"column":2}},"type":"if","locations":[{"start":{"line":35,"column":1},"end":{"line":37,"column":2}},{"start":{},"end":{}}],"line":35},"4":{"loc":{"start":{"line":42,"column":1},"end":{"line":45,"column":2}},"type":"if","locations":[{"start":{"line":42,"column":1},"end":{"line":45,"column":2}},{"start":{},"end":{}}],"line":42},"5":{"loc":{"start":{"line":46,"column":1},"end":{"line":49,"column":2}},"type":"if","locations":[{"start":{"line":46,"column":1},"end":{"line":49,"column":2}},{"start":{},"end":{}}],"line":46},"6":{"loc":{"start":{"line":50,"column":1},"end":{"line":53,"column":2}},"type":"if","locations":[{"start":{"line":50,"column":1},"end":{"line":53,"column":2}},{"start":{},"end":{}}],"line":50},"7":{"loc":{"start":{"line":60,"column":2},"end":{"line":62,"column":3}},"type":"if","locations":[{"start":{"line":60,"column":2},"end":{"line":62,"column":3}},{"start":{},"end":{}}],"line":60},"8":{"loc":{"start":{"line":73,"column":1},"end":{"line":75,"column":2}},"type":"if","locations":[{"start":{"line":73,"column":1},"end":{"line":75,"column":2}},{"start":{},"end":{}}],"line":73}},"s":{"0":4,"1":4,"2":7,"3":4,"4":6,"5":4,"6":6,"7":4,"8":2,"9":2,"10":2,"11":2,"12":2,"13":2,"14":2,"15":2,"16":2,"17":2,"18":2,"19":3,"20":1,"21":1,"22":1,"23":4,"24":1,"25":1,"26":0,"27":1,"28":1,"29":1,"30":0,"31":0,"32":1,"33":0,"34":0,"35":1,"36":1,"37":1,"38":1,"39":1,"40":1,"41":1,"42":1,"43":0,"44":1,"45":1,"46":1,"47":4,"48":2,"49":2,"50":0,"51":2,"52":2,"53":2,"54":3,"55":2,"56":2,"57":4,"58":1,"59":1,"60":1,"61":4,"62":1,"63":1,"64":1,"65":1,"66":4,"67":1,"68":1,"69":1,"70":4,"71":1,"72":1,"73":1,"74":1,"75":4},"f":{"0":7,"1":6,"2":6,"3":2,"4":3,"5":1,"6":1,"7":2,"8":1,"9":1,"10":1,"11":1},"b":{"0":[2,0],"1":[2,0],"2":[1,2],"3":[0,1],"4":[0,1],"5":[0,1],"6":[1,0],"7":[0,1],"8":[0,2]},"_coverageSchema":"1a1c01bbd47fc00a2c39e90264f33305004495a9","hash":"9dba4c2aecd3fe83763caca3373649516da5d5c9"}
,"C:\\Users\\jmmon\\code\\BeaconFire\\Week4\\Day2\\Week3Day3-Joe Moulton\\Coding Questions\\2. Spotify Lite\\test\\config.js": {"path":"C:\\Users\\jmmon\\code\\BeaconFire\\Week4\\Day2\\Week3Day3-Joe Moulton\\Coding Questions\\2. Spotify Lite\\test\\config.js","statementMap":{"0":{"start":{"line":1,"column":13},"end":{"line":1,"column":28}},"1":{"start":{"line":2,"column":15},"end":{"line":2,"column":26}},"2":{"start":{"line":3,"column":17},"end":{"line":3,"column":37}},"3":{"start":{"line":4,"column":28},"end":{"line":4,"column":48}},"4":{"start":{"line":9,"column":29},"end":{"line":9,"column":49}},"5":{"start":{"line":11,"column":24},"end":{"line":11,"column":73}},"6":{"start":{"line":11,"column":45},"end":{"line":11,"column":72}},"7":{"start":{"line":13,"column":26},"end":{"line":22,"column":1}},"8":{"start":{"line":14,"column":14},"end":{"line":14,"column":16}},"9":{"start":{"line":15,"column":15},"end":{"line":15,"column":17}},"10":{"start":{"line":16,"column":1},"end":{"line":20,"column":2}},"11":{"start":{"line":16,"column":14},"end":{"line":16,"column":15}},"12":{"start":{"line":17,"column":17},"end":{"line":17,"column":37}},"13":{"start":{"line":18,"column":2},"end":{"line":18,"column":35}},"14":{"start":{"line":19,"column":2},"end":{"line":19,"column":21}},"15":{"start":{"line":21,"column":1},"end":{"line":21,"column":47}},"16":{"start":{"line":24,"column":24},"end":{"line":37,"column":1}},"17":{"start":{"line":25,"column":14},"end":{"line":25,"column":16}},"18":{"start":{"line":26,"column":15},"end":{"line":26,"column":17}},"19":{"start":{"line":27,"column":1},"end":{"line":35,"column":2}},"20":{"start":{"line":27,"column":14},"end":{"line":27,"column":15}},"21":{"start":{"line":28,"column":15},"end":{"line":32,"column":3}},"22":{"start":{"line":33,"column":2},"end":{"line":33,"column":31}},"23":{"start":{"line":34,"column":2},"end":{"line":34,"column":19}},"24":{"start":{"line":36,"column":1},"end":{"line":36,"column":47}},"25":{"start":{"line":39,"column":15},"end":{"line":39,"column":58}},"26":{"start":{"line":41,"column":18},"end":{"line":41,"column":48}},"27":{"start":{"line":43,"column":24},"end":{"line":62,"column":1}},"28":{"start":{"line":44,"column":14},"end":{"line":44,"column":16}},"29":{"start":{"line":45,"column":15},"end":{"line":45,"column":17}},"30":{"start":{"line":46,"column":1},"end":{"line":60,"column":2}},"31":{"start":{"line":46,"column":14},"end":{"line":46,"column":15}},"32":{"start":{"line":47,"column":21},"end":{"line":47,"column":54}},"33":{"start":{"line":48,"column":19},"end":{"line":48,"column":47}},"34":{"start":{"line":49,"column":15},"end":{"line":57,"column":3}},"35":{"start":{"line":58,"column":2},"end":{"line":58,"column":31}},"36":{"start":{"line":59,"column":2},"end":{"line":59,"column":19}},"37":{"start":{"line":61,"column":1},"end":{"line":61,"column":45}},"38":{"start":{"line":64,"column":0},"end":{"line":64,"column":19}},"39":{"start":{"line":66,"column":0},"end":{"line":66,"column":160}}},"fnMap":{"0":{"name":"(anonymous_0)","decl":{"start":{"line":11,"column":24},"end":{"line":11,"column":25}},"loc":{"start":{"line":11,"column":45},"end":{"line":11,"column":72}},"line":11},"1":{"name":"(anonymous_1)","decl":{"start":{"line":13,"column":26},"end":{"line":13,"column":27}},"loc":{"start":{"line":13,"column":43},"end":{"line":22,"column":1}},"line":13},"2":{"name":"(anonymous_2)","decl":{"start":{"line":24,"column":24},"end":{"line":24,"column":25}},"loc":{"start":{"line":24,"column":41},"end":{"line":37,"column":1}},"line":24},"3":{"name":"(anonymous_3)","decl":{"start":{"line":43,"column":24},"end":{"line":43,"column":25}},"loc":{"start":{"line":43,"column":57},"end":{"line":62,"column":1}},"line":43}},"branchMap":{"0":{"loc":{"start":{"line":11,"column":45},"end":{"line":11,"column":72}},"type":"binary-expr","locations":[{"start":{"line":11,"column":45},"end":{"line":11,"column":66}},{"start":{"line":11,"column":70},"end":{"line":11,"column":72}}],"line":11},"1":{"loc":{"start":{"line":47,"column":21},"end":{"line":47,"column":54}},"type":"binary-expr","locations":[{"start":{"line":47,"column":21},"end":{"line":47,"column":48}},{"start":{"line":47,"column":52},"end":{"line":47,"column":54}}],"line":47},"2":{"loc":{"start":{"line":48,"column":19},"end":{"line":48,"column":47}},"type":"binary-expr","locations":[{"start":{"line":48,"column":19},"end":{"line":48,"column":41}},{"start":{"line":48,"column":45},"end":{"line":48,"column":47}}],"line":48}},"s":{"0":4,"1":4,"2":4,"3":4,"4":4,"5":4,"6":5,"7":4,"8":1,"9":1,"10":1,"11":1,"12":5,"13":5,"14":5,"15":1,"16":4,"17":1,"18":1,"19":1,"20":1,"21":5,"22":5,"23":5,"24":1,"25":4,"26":4,"27":4,"28":1,"29":1,"30":1,"31":1,"32":15,"33":15,"34":15,"35":15,"36":15,"37":1,"38":4,"39":4},"f":{"0":5,"1":1,"2":1,"3":1},"b":{"0":[5,0],"1":[15,0],"2":[15,0]},"_coverageSchema":"1a1c01bbd47fc00a2c39e90264f33305004495a9","hash":"5617fe95115d8c91247cecf95b447960c9c0748f"}
,"C:\\Users\\jmmon\\code\\BeaconFire\\Week4\\Day2\\Week3Day3-Joe Moulton\\Coding Questions\\2. Spotify Lite\\utils\\bcrypt.js": {"path":"C:\\Users\\jmmon\\code\\BeaconFire\\Week4\\Day2\\Week3Day3-Joe Moulton\\Coding Questions\\2. Spotify Lite\\utils\\bcrypt.js","statementMap":{"0":{"start":{"line":1,"column":15},"end":{"line":1,"column":32}},"1":{"start":{"line":2,"column":25},"end":{"line":2,"column":27}},"2":{"start":{"line":5,"column":21},"end":{"line":5,"column":74}},"3":{"start":{"line":5,"column":35},"end":{"line":5,"column":74}},"4":{"start":{"line":9,"column":24},"end":{"line":13,"column":2}},"5":{"start":{"line":10,"column":1},"end":{"line":10,"column":90}},"6":{"start":{"line":12,"column":1},"end":{"line":12,"column":59}},"7":{"start":{"line":16,"column":0},"end":{"line":16,"column":49}}},"fnMap":{"0":{"name":"(anonymous_0)","decl":{"start":{"line":5,"column":21},"end":{"line":5,"column":22}},"loc":{"start":{"line":5,"column":35},"end":{"line":5,"column":74}},"line":5},"1":{"name":"(anonymous_1)","decl":{"start":{"line":9,"column":24},"end":{"line":9,"column":25}},"loc":{"start":{"line":9,"column":64},"end":{"line":13,"column":2}},"line":9}},"branchMap":{},"s":{"0":4,"1":4,"2":4,"3":8,"4":4,"5":10,"6":10,"7":4},"f":{"0":8,"1":10},"b":{},"_coverageSchema":"1a1c01bbd47fc00a2c39e90264f33305004495a9","hash":"1b8c1dcd4a9a9a721a2a03cf2550c132e9c06be8"}
,"C:\\Users\\jmmon\\code\\BeaconFire\\Week4\\Day2\\Week3Day3-Joe Moulton\\Coding Questions\\2. Spotify Lite\\utils\\catchAsync.js": {"path":"C:\\Users\\jmmon\\code\\BeaconFire\\Week4\\Day2\\Week3Day3-Joe Moulton\\Coding Questions\\2. Spotify Lite\\utils\\catchAsync.js","statementMap":{"0":{"start":{"line":1,"column":19},"end":{"line":3,"column":1}},"1":{"start":{"line":1,"column":27},"end":{"line":3,"column":1}},"2":{"start":{"line":2,"column":1},"end":{"line":2,"column":63}},"3":{"start":{"line":2,"column":52},"end":{"line":2,"column":61}},"4":{"start":{"line":4,"column":0},"end":{"line":4,"column":28}}},"fnMap":{"0":{"name":"(anonymous_0)","decl":{"start":{"line":1,"column":19},"end":{"line":1,"column":20}},"loc":{"start":{"line":1,"column":27},"end":{"line":3,"column":1}},"line":1},"1":{"name":"(anonymous_1)","decl":{"start":{"line":1,"column":27},"end":{"line":1,"column":28}},"loc":{"start":{"line":1,"column":47},"end":{"line":3,"column":1}},"line":1},"2":{"name":"(anonymous_2)","decl":{"start":{"line":2,"column":43},"end":{"line":2,"column":44}},"loc":{"start":{"line":2,"column":52},"end":{"line":2,"column":61}},"line":2}},"branchMap":{},"s":{"0":4,"1":40,"2":18,"3":2,"4":4},"f":{"0":40,"1":18,"2":2},"b":{},"_coverageSchema":"1a1c01bbd47fc00a2c39e90264f33305004495a9","hash":"3ec39a06cfb8ea9400c2b3e2d70dd6968462369a"}
,"C:\\Users\\jmmon\\code\\BeaconFire\\Week4\\Day2\\Week3Day3-Joe Moulton\\Coding Questions\\2. Spotify Lite\\utils\\pick.js": {"path":"C:\\Users\\jmmon\\code\\BeaconFire\\Week4\\Day2\\Week3Day3-Joe Moulton\\Coding Questions\\2. Spotify Lite\\utils\\pick.js","statementMap":{"0":{"start":{"line":2,"column":13},"end":{"line":15,"column":1}},"1":{"start":{"line":7,"column":1},"end":{"line":14,"column":8}},"2":{"start":{"line":8,"column":2},"end":{"line":12,"column":3}},"3":{"start":{"line":11,"column":3},"end":{"line":11,"column":26}},"4":{"start":{"line":13,"column":2},"end":{"line":13,"column":13}},"5":{"start":{"line":17,"column":0},"end":{"line":17,"column":22}}},"fnMap":{"0":{"name":"(anonymous_0)","decl":{"start":{"line":2,"column":13},"end":{"line":2,"column":14}},"loc":{"start":{"line":6,"column":7},"end":{"line":15,"column":1}},"line":6},"1":{"name":"(anonymous_1)","decl":{"start":{"line":7,"column":20},"end":{"line":7,"column":21}},"loc":{"start":{"line":7,"column":34},"end":{"line":14,"column":2}},"line":7}},"branchMap":{"0":{"loc":{"start":{"line":8,"column":2},"end":{"line":12,"column":3}},"type":"if","locations":[{"start":{"line":8,"column":2},"end":{"line":12,"column":3}},{"start":{},"end":{}}],"line":8},"1":{"loc":{"start":{"line":8,"column":6},"end":{"line":8,"column":65}},"type":"binary-expr","locations":[{"start":{"line":8,"column":6},"end":{"line":8,"column":12}},{"start":{"line":8,"column":16},"end":{"line":8,"column":65}}],"line":8}},"s":{"0":4,"1":19,"2":21,"3":19,"4":21,"5":4},"f":{"0":19,"1":21},"b":{"0":[19,2],"1":[21,21]},"_coverageSchema":"1a1c01bbd47fc00a2c39e90264f33305004495a9","hash":"81d741abfd30c72f26f864661d3599443e28e61f"}
,"C:\\Users\\jmmon\\code\\BeaconFire\\Week4\\Day2\\Week3Day3-Joe Moulton\\Coding Questions\\2. Spotify Lite\\utils\\validate.js": {"path":"C:\\Users\\jmmon\\code\\BeaconFire\\Week4\\Day2\\Week3Day3-Joe Moulton\\Coding Questions\\2. Spotify Lite\\utils\\validate.js","statementMap":{"0":{"start":{"line":1,"column":0},"end":{"line":4,"column":1}},"1":{"start":{"line":2,"column":1},"end":{"line":2,"column":89}},"2":{"start":{"line":2,"column":35},"end":{"line":2,"column":89}},"3":{"start":{"line":3,"column":1},"end":{"line":3,"column":13}},"4":{"start":{"line":7,"column":0},"end":{"line":10,"column":1}},"5":{"start":{"line":8,"column":1},"end":{"line":8,"column":77}},"6":{"start":{"line":8,"column":24},"end":{"line":8,"column":77}},"7":{"start":{"line":9,"column":1},"end":{"line":9,"column":13}},"8":{"start":{"line":12,"column":0},"end":{"line":18,"column":1}},"9":{"start":{"line":14,"column":22},"end":{"line":14,"column":128}},"10":{"start":{"line":14,"column":80},"end":{"line":14,"column":126}},"11":{"start":{"line":15,"column":1},"end":{"line":15,"column":84}},"12":{"start":{"line":17,"column":1},"end":{"line":17,"column":21}}},"fnMap":{"0":{"name":"(anonymous_0)","decl":{"start":{"line":1,"column":33},"end":{"line":1,"column":34}},"loc":{"start":{"line":1,"column":65},"end":{"line":4,"column":1}},"line":1},"1":{"name":"(anonymous_1)","decl":{"start":{"line":7,"column":30},"end":{"line":7,"column":31}},"loc":{"start":{"line":7,"column":40},"end":{"line":10,"column":1}},"line":7},"2":{"name":"(anonymous_2)","decl":{"start":{"line":12,"column":30},"end":{"line":12,"column":31}},"loc":{"start":{"line":12,"column":40},"end":{"line":18,"column":1}},"line":12},"3":{"name":"(anonymous_3)","decl":{"start":{"line":14,"column":69},"end":{"line":14,"column":70}},"loc":{"start":{"line":14,"column":80},"end":{"line":14,"column":126}},"line":14}},"branchMap":{"0":{"loc":{"start":{"line":2,"column":1},"end":{"line":2,"column":89}},"type":"if","locations":[{"start":{"line":2,"column":1},"end":{"line":2,"column":89}},{"start":{},"end":{}}],"line":2},"1":{"loc":{"start":{"line":8,"column":1},"end":{"line":8,"column":77}},"type":"if","locations":[{"start":{"line":8,"column":1},"end":{"line":8,"column":77}},{"start":{},"end":{}}],"line":8},"2":{"loc":{"start":{"line":14,"column":80},"end":{"line":14,"column":126}},"type":"binary-expr","locations":[{"start":{"line":14,"column":80},"end":{"line":14,"column":90}},{"start":{"line":14,"column":94},"end":{"line":14,"column":126}}],"line":14}},"s":{"0":4,"1":3,"2":0,"3":3,"4":4,"5":1,"6":0,"7":1,"8":4,"9":1,"10":2,"11":1,"12":1},"f":{"0":3,"1":1,"2":1,"3":2},"b":{"0":[0,3],"1":[0,1],"2":[2,2]},"_coverageSchema":"1a1c01bbd47fc00a2c39e90264f33305004495a9","hash":"f66b42886f0691a7d25a2801dd9671343b45eb04"}
,"C:\\Users\\jmmon\\code\\BeaconFire\\Week4\\Day2\\Week3Day3-Joe Moulton\\Coding Questions\\2. Spotify Lite\\validations\\custom.validation.js": {"path":"C:\\Users\\jmmon\\code\\BeaconFire\\Week4\\Day2\\Week3Day3-Joe Moulton\\Coding Questions\\2. Spotify Lite\\validations\\custom.validation.js","statementMap":{"0":{"start":{"line":1,"column":22},"end":{"line":8,"column":1}},"1":{"start":{"line":1,"column":32},"end":{"line":8,"column":1}},"2":{"start":{"line":2,"column":1},"end":{"line":6,"column":2}},"3":{"start":{"line":3,"column":2},"end":{"line":5,"column":4}},"4":{"start":{"line":7,"column":1},"end":{"line":7,"column":14}},"5":{"start":{"line":10,"column":17},"end":{"line":15,"column":1}},"6":{"start":{"line":11,"column":1},"end":{"line":13,"column":2}},"7":{"start":{"line":12,"column":2},"end":{"line":12,"column":87}},"8":{"start":{"line":14,"column":1},"end":{"line":14,"column":14}},"9":{"start":{"line":17,"column":0},"end":{"line":20,"column":2}}},"fnMap":{"0":{"name":"(anonymous_0)","decl":{"start":{"line":1,"column":22},"end":{"line":1,"column":23}},"loc":{"start":{"line":1,"column":32},"end":{"line":8,"column":1}},"line":1},"1":{"name":"(anonymous_1)","decl":{"start":{"line":1,"column":32},"end":{"line":1,"column":33}},"loc":{"start":{"line":1,"column":52},"end":{"line":8,"column":1}},"line":1},"2":{"name":"(anonymous_2)","decl":{"start":{"line":10,"column":17},"end":{"line":10,"column":18}},"loc":{"start":{"line":10,"column":37},"end":{"line":15,"column":1}},"line":10}},"branchMap":{"0":{"loc":{"start":{"line":2,"column":1},"end":{"line":6,"column":2}},"type":"if","locations":[{"start":{"line":2,"column":1},"end":{"line":6,"column":2}},{"start":{},"end":{}}],"line":2},"1":{"loc":{"start":{"line":11,"column":1},"end":{"line":13,"column":2}},"type":"if","locations":[{"start":{"line":11,"column":1},"end":{"line":13,"column":2}},{"start":{},"end":{}}],"line":11}},"s":{"0":4,"1":16,"2":9,"3":0,"4":9,"5":4,"6":9,"7":0,"8":9,"9":4},"f":{"0":16,"1":9,"2":9},"b":{"0":[0,9],"1":[0,9]},"_coverageSchema":"1a1c01bbd47fc00a2c39e90264f33305004495a9","hash":"9cb0821225cc77a5ef1a999ba63e30717562d33d"}
,"C:\\Users\\jmmon\\code\\BeaconFire\\Week4\\Day2\\Week3Day3-Joe Moulton\\Coding Questions\\2. Spotify Lite\\validations\\user.validation.js": {"path":"C:\\Users\\jmmon\\code\\BeaconFire\\Week4\\Day2\\Week3Day3-Joe Moulton\\Coding Questions\\2. Spotify Lite\\validations\\user.validation.js","statementMap":{"0":{"start":{"line":1,"column":12},"end":{"line":1,"column":26}},"1":{"start":{"line":2,"column":36},"end":{"line":2,"column":66}},"2":{"start":{"line":4,"column":17},"end":{"line":12,"column":1}},"3":{"start":{"line":14,"column":21},"end":{"line":21,"column":1}},"4":{"start":{"line":23,"column":18},"end":{"line":30,"column":1}},"5":{"start":{"line":32,"column":0},"end":{"line":32,"column":55}}},"fnMap":{},"branchMap":{},"s":{"0":4,"1":4,"2":4,"3":4,"4":4,"5":4},"f":{},"b":{},"_coverageSchema":"1a1c01bbd47fc00a2c39e90264f33305004495a9","hash":"8b28421ab46d41bfda7ad77ff91e6eda8acfb35e"}
}
