TN:
SF:server.js
FN:16,(anonymous_0)
FN:27,(anonymous_1)
FNF:2
FNH:1
FNDA:24,(anonymous_0)
FNDA:0,(anonymous_1)
DA:1,4
DA:2,4
DA:3,4
DA:4,4
DA:5,4
DA:6,4
DA:7,4
DA:9,4
DA:11,4
DA:12,4
DA:13,4
DA:14,4
DA:16,4
DA:17,24
DA:18,24
DA:21,4
DA:22,4
DA:23,4
DA:24,4
DA:27,4
DA:28,0
DA:32,0
DA:35,4
DA:37,4
LF:24
LH:22
BRF:0
BRH:0
end_of_record
TN:
SF:config\constants.js
FNF:0
FNH:0
DA:1,4
DA:11,4
DA:16,4
LF:3
LH:3
BRF:0
BRH:0
end_of_record
TN:
SF:config\db.js
FN:8,(anonymous_0)
FNF:1
FNH:1
FNDA:4,(anonymous_0)
DA:1,4
DA:3,4
DA:6,4
DA:8,4
DA:9,4
DA:10,4
DA:13,4
LF:7
LH:7
BRDA:9,0,0,0
BRDA:9,0,1,4
BRF:2
BRH:1
end_of_record
TN:
SF:controllers\artistsController.js
FN:5,(anonymous_0)
FNF:1
FNH:1
FNDA:2,(anonymous_0)
DA:1,4
DA:2,4
DA:5,4
DA:6,2
DA:10,2
DA:11,2
DA:12,2
DA:14,2
DA:15,2
DA:17,2
DA:21,2
DA:24,4
LF:12
LH:12
BRDA:17,0,0,1
BRDA:17,0,1,1
BRF:2
BRH:2
end_of_record
TN:
SF:controllers\authController.js
FN:7,(anonymous_0)
FN:17,(anonymous_1)
FN:29,(anonymous_2)
FNF:3
FNH:3
FNDA:2,(anonymous_0)
FNDA:6,(anonymous_1)
FNDA:1,(anonymous_2)
DA:1,4
DA:2,4
DA:3,4
DA:4,4
DA:5,4
DA:7,4
DA:8,2
DA:9,2
DA:10,2
DA:11,1
DA:13,1
DA:14,1
DA:17,4
DA:18,6
DA:19,6
DA:21,6
DA:22,5
DA:23,5
DA:25,5
DA:26,5
DA:29,4
DA:30,1
DA:31,1
DA:32,1
DA:35,4
LF:25
LH:25
BRF:0
BRH:0
end_of_record
TN:
SF:controllers\songsController.js
FN:9,(anonymous_0)
FN:10,(anonymous_1)
FN:12,(anonymous_2)
FN:45,(anonymous_3)
FN:45,(anonymous_4)
FN:58,(anonymous_5)
FN:63,(anonymous_6)
FNF:7
FNH:7
FNDA:1,(anonymous_0)
FNDA:1,(anonymous_1)
FNDA:1,(anonymous_2)
FNDA:1,(anonymous_3)
FNDA:2,(anonymous_4)
FNDA:1,(anonymous_5)
FNDA:2,(anonymous_6)
DA:4,4
DA:5,4
DA:6,4
DA:7,4
DA:9,4
DA:10,1
DA:12,4
DA:13,1
DA:14,1
DA:15,1
DA:17,1
DA:18,1
DA:21,1
DA:23,1
DA:27,1
DA:29,1
DA:33,1
DA:35,1
DA:37,1
DA:38,1
DA:41,0
DA:42,0
DA:45,1
DA:46,2
DA:47,2
DA:49,1
DA:51,1
DA:53,1
DA:54,1
DA:55,1
DA:58,4
DA:59,1
DA:60,1
DA:63,4
DA:64,2
DA:65,2
DA:66,2
DA:67,2
DA:69,2
DA:70,2
DA:74,2
DA:77,4
LF:42
LH:40
BRDA:21,0,0,1
BRDA:21,0,1,0
BRDA:51,1,0,1
BRDA:51,1,1,0
BRDA:70,2,0,1
BRDA:70,2,1,1
BRF:6
BRH:4
end_of_record
TN:
SF:controllers\userController.js
FN:7,(anonymous_0)
FN:14,(anonymous_1)
FN:22,(anonymous_2)
FNF:3
FNH:3
FNDA:1,(anonymous_0)
FNDA:1,(anonymous_1)
FNDA:1,(anonymous_2)
DA:1,4
DA:2,4
DA:3,4
DA:4,4
DA:7,4
DA:8,1
DA:9,1
DA:10,1
DA:11,1
DA:14,4
DA:15,1
DA:16,1
DA:17,1
DA:18,1
DA:22,4
DA:23,1
DA:24,1
DA:27,1
DA:29,1
DA:32,1
DA:33,1
DA:34,1
DA:36,1
DA:39,1
DA:41,1
DA:45,4
LF:26
LH:26
BRF:0
BRH:0
end_of_record
TN:
SF:middlewares\auth.js
FN:4,(anonymous_0)
FNF:1
FNH:1
FNDA:14,(anonymous_0)
DA:1,4
DA:4,4
DA:5,14
DA:7,14
DA:8,14
DA:10,14
DA:11,14
DA:12,8
DA:13,8
DA:15,6
DA:16,6
DA:19,8
DA:22,4
LF:13
LH:13
BRDA:11,0,0,8
BRDA:11,0,1,6
BRF:2
BRH:2
end_of_record
TN:
SF:middlewares\error.js
FN:1,(anonymous_0)
FNF:1
FNH:1
FNDA:8,(anonymous_0)
DA:1,4
DA:2,8
DA:5,8
DA:7,8
DA:13,8
DA:15,8
LF:6
LH:6
BRF:0
BRH:0
end_of_record
TN:
SF:middlewares\validate.js
FN:4,(anonymous_0)
FN:4,(anonymous_1)
FN:14,(anonymous_2)
FNF:3
FNH:2
FNDA:12,(anonymous_0)
FNDA:9,(anonymous_1)
FNDA:0,(anonymous_2)
DA:1,4
DA:2,4
DA:4,12
DA:5,9
DA:6,9
DA:7,9
DA:9,9
DA:13,9
DA:14,0
DA:15,0
DA:19,9
DA:20,9
DA:23,4
LF:13
LH:11
BRDA:13,0,0,0
BRDA:13,0,1,9
BRF:2
BRH:1
end_of_record
TN:
SF:models\Artist.js
FNF:0
FNH:0
DA:1,4
DA:2,4
DA:3,4
DA:4,4
DA:5,4
DA:8,4
DA:20,4
DA:22,4
LF:8
LH:8
BRF:0
BRH:0
end_of_record
TN:
SF:models\Song.js
FNF:0
FNH:0
DA:1,4
DA:2,4
DA:3,4
DA:4,4
DA:7,4
DA:22,4
DA:24,4
LF:7
LH:7
BRF:0
BRH:0
end_of_record
TN:
SF:models\User.js
FN:24,(anonymous_0)
FN:46,(anonymous_1)
FN:64,(anonymous_2)
FN:69,(anonymous_3)
FNF:4
FNH:4
FNDA:13,(anonymous_0)
FNDA:10,(anonymous_1)
FNDA:2,(anonymous_2)
FNDA:3,(anonymous_3)
DA:1,4
DA:2,4
DA:3,4
DA:4,4
DA:5,4
DA:7,4
DA:9,4
DA:24,4
DA:25,13
DA:28,13
DA:29,8
DA:32,8
DA:33,8
DA:34,8
DA:37,8
DA:38,8
DA:40,0
DA:41,0
DA:46,4
DA:47,10
DA:52,10
DA:54,10
DA:55,10
DA:56,10
DA:58,0
DA:59,0
DA:64,4
DA:65,2
DA:66,2
DA:69,4
DA:70,3
DA:71,3
DA:74,4
DA:76,4
LF:34
LH:30
BRDA:28,0,0,5
BRDA:28,0,1,8
BRF:2
BRH:2
end_of_record
TN:
SF:models\index.js
FNF:0
FNH:0
DA:1,4
DA:2,4
DA:3,4
LF:3
LH:3
BRF:0
BRH:0
end_of_record
TN:
SF:routes\artistsRouter.js
FNF:0
FNH:0
DA:1,4
DA:2,4
DA:3,4
DA:5,4
DA:7,4
LF:5
LH:5
BRF:0
BRH:0
end_of_record
TN:
SF:routes\authRouter.js
FNF:0
FNH:0
DA:1,4
DA:2,4
DA:3,4
DA:4,4
DA:5,4
DA:7,4
DA:8,4
DA:9,4
DA:11,4
LF:9
LH:9
BRF:0
BRH:0
end_of_record
TN:
SF:routes\index.js
FNF:0
FNH:0
DA:1,4
DA:2,4
DA:3,4
DA:4,4
LF:4
LH:4
BRF:0
BRH:0
end_of_record
TN:
SF:routes\songsRouter.js
FNF:0
FNH:0
DA:1,4
DA:2,4
DA:3,4
DA:5,4
DA:6,4
DA:7,4
DA:9,4
LF:7
LH:7
BRF:0
BRH:0
end_of_record
TN:
SF:routes\userRouter.js
FNF:0
FNH:0
DA:1,4
DA:2,4
DA:3,4
DA:4,4
DA:5,4
DA:7,4
DA:8,4
DA:9,4
DA:11,4
LF:9
LH:9
BRF:0
BRH:0
end_of_record
TN:
SF:services\artistService.js
FN:3,(anonymous_0)
FN:4,(anonymous_1)
FN:7,(anonymous_2)
FN:14,(anonymous_3)
FNF:4
FNH:3
FNDA:2,(anonymous_0)
FNDA:0,(anonymous_1)
FNDA:1,(anonymous_2)
FNDA:1,(anonymous_3)
DA:1,4
DA:3,4
DA:4,4
DA:7,4
DA:8,1
DA:9,1
DA:10,1
DA:14,4
DA:15,1
DA:16,1
DA:17,1
DA:18,1
DA:22,4
LF:13
LH:13
BRF:0
BRH:0
end_of_record
TN:
SF:services\authService.js
FN:3,(anonymous_0)
FN:12,(anonymous_1)
FN:22,(anonymous_2)
FN:34,(anonymous_3)
FNF:4
FNH:4
FNDA:6,(anonymous_0)
FNDA:6,(anonymous_1)
FNDA:6,(anonymous_2)
FNDA:12,(anonymous_3)
DA:1,4
DA:3,4
DA:4,6
DA:5,6
DA:6,5
DA:7,0
DA:9,5
DA:12,4
DA:13,6
DA:14,6
DA:15,5
DA:16,0
DA:18,5
DA:22,4
DA:23,6
DA:25,6
DA:28,6
DA:29,6
DA:30,6
DA:33,6
DA:34,12
DA:35,6
DA:36,6
DA:37,5
DA:40,4
LF:25
LH:23
BRDA:5,0,0,1
BRDA:5,0,1,5
BRDA:6,1,0,0
BRDA:6,1,1,5
BRDA:14,2,0,1
BRDA:14,2,1,5
BRDA:15,3,0,0
BRDA:15,3,1,5
BRDA:23,4,0,0
BRDA:23,4,1,6
BRDA:23,5,0,6
BRDA:23,5,1,0
BRDA:25,6,0,0
BRDA:25,6,1,6
BRDA:29,7,0,6
BRDA:29,7,1,0
BRDA:30,8,0,6
BRDA:30,8,1,0
BRDA:36,9,0,1
BRDA:36,9,1,5
BRF:20
BRH:13
end_of_record
TN:
SF:services\songService.js
FN:6,(anonymous_0)
FN:8,(anonymous_1)
FN:14,(anonymous_2)
FN:21,(anonymous_3)
FNF:4
FNH:3
FNDA:2,(anonymous_0)
FNDA:3,(anonymous_1)
FNDA:0,(anonymous_2)
FNDA:1,(anonymous_3)
DA:1,4
DA:6,4
DA:8,4
DA:9,3
DA:10,3
DA:14,4
DA:15,0
DA:16,0
DA:17,0
DA:21,4
DA:22,1
DA:23,1
DA:24,1
DA:25,1
DA:28,4
LF:15
LH:12
BRF:0
BRH:0
end_of_record
TN:
SF:services\tokenService.js
FN:6,(anonymous_0)
FN:12,(anonymous_1)
FNF:2
FNH:2
FNDA:14,(anonymous_0)
FNDA:7,(anonymous_1)
DA:1,4
DA:2,4
DA:3,4
DA:4,4
DA:6,4
DA:7,14
DA:8,8
DA:9,8
DA:12,4
DA:13,7
DA:20,7
LF:11
LH:11
BRDA:7,0,0,6
BRDA:7,0,1,8
BRDA:7,1,0,14
BRDA:7,1,1,14
BRF:4
BRH:4
end_of_record
TN:
SF:services\transactionService.js
FN:7,(anonymous_0)
FN:19,(anonymous_1)
FN:36,(anonymous_2)
FN:50,(anonymous_3)
FN:63,(anonymous_4)
FN:77,(anonymous_5)
FNF:6
FNH:6
FNDA:2,(anonymous_0)
FNDA:1,(anonymous_1)
FNDA:1,(anonymous_2)
FNDA:2,(anonymous_3)
FNDA:1,(anonymous_4)
FNDA:1,(anonymous_5)
DA:1,4
DA:2,4
DA:3,4
DA:7,4
DA:8,2
DA:12,2
DA:13,2
DA:19,4
DA:20,1
DA:21,1
DA:22,1
DA:28,1
DA:29,1
DA:30,1
DA:36,4
DA:37,1
DA:38,1
DA:39,1
DA:45,1
DA:46,1
DA:47,1
DA:50,4
DA:51,2
DA:52,2
DA:56,2
DA:57,2
DA:63,4
DA:64,1
DA:65,1
DA:69,1
DA:70,1
DA:71,1
DA:77,4
DA:78,1
DA:79,1
DA:83,1
DA:84,1
DA:85,1
DA:88,4
LF:39
LH:39
BRDA:24,0,0,1
BRDA:24,0,1,0
BRDA:41,1,0,1
BRDA:41,1,1,0
BRDA:67,2,0,0
BRDA:67,2,1,1
BRDA:81,3,0,1
BRDA:81,3,1,0
BRF:8
BRH:4
end_of_record
TN:
SF:services\userService.js
FN:3,(anonymous_0)
FN:4,(anonymous_1)
FN:5,(anonymous_2)
FN:7,(anonymous_3)
FN:22,(anonymous_4)
FN:33,(anonymous_5)
FN:58,(anonymous_6)
FN:71,(anonymous_7)
FN:86,(anonymous_8)
FN:93,(anonymous_9)
FN:101,(anonymous_10)
FN:108,(anonymous_11)
FNF:12
FNH:12
FNDA:7,(anonymous_0)
FNDA:6,(anonymous_1)
FNDA:6,(anonymous_2)
FNDA:2,(anonymous_3)
FNDA:3,(anonymous_4)
FNDA:1,(anonymous_5)
FNDA:1,(anonymous_6)
FNDA:2,(anonymous_7)
FNDA:1,(anonymous_8)
FNDA:1,(anonymous_9)
FNDA:1,(anonymous_10)
FNDA:1,(anonymous_11)
DA:1,4
DA:3,7
DA:4,6
DA:5,6
DA:7,4
DA:8,2
DA:9,2
DA:10,2
DA:11,2
DA:12,2
DA:14,2
DA:15,2
DA:16,2
DA:19,2
DA:20,2
DA:22,2
DA:23,3
DA:24,1
DA:25,1
DA:29,1
DA:33,4
DA:34,1
DA:35,1
DA:36,0
DA:40,1
DA:41,1
DA:42,1
DA:43,0
DA:44,0
DA:46,1
DA:47,0
DA:48,0
DA:50,1
DA:51,1
DA:52,1
DA:55,1
DA:56,1
DA:58,1
DA:59,1
DA:60,1
DA:61,0
DA:65,1
DA:66,1
DA:67,1
DA:71,4
DA:72,2
DA:73,2
DA:74,0
DA:76,2
DA:77,2
DA:78,3
DA:80,2
DA:81,2
DA:86,4
DA:87,1
DA:88,1
DA:89,1
DA:93,4
DA:94,1
DA:95,1
DA:96,1
DA:97,1
DA:101,4
DA:102,1
DA:103,1
DA:104,1
DA:108,4
DA:109,1
DA:110,1
DA:111,1
DA:112,1
DA:115,4
LF:72
LH:65
BRDA:10,0,0,2
BRDA:10,0,1,0
BRDA:14,1,0,2
BRDA:14,1,1,0
BRDA:23,2,0,1
BRDA:23,2,1,2
BRDA:35,3,0,0
BRDA:35,3,1,1
BRDA:42,4,0,0
BRDA:42,4,1,1
BRDA:46,5,0,0
BRDA:46,5,1,1
BRDA:50,6,0,1
BRDA:50,6,1,0
BRDA:60,7,0,0
BRDA:60,7,1,1
BRDA:73,8,0,0
BRDA:73,8,1,2
BRF:18
BRH:10
end_of_record
TN:
SF:test\config.js
FN:11,(anonymous_0)
FN:13,(anonymous_1)
FN:24,(anonymous_2)
FN:43,(anonymous_3)
FNF:4
FNH:4
FNDA:5,(anonymous_0)
FNDA:1,(anonymous_1)
FNDA:1,(anonymous_2)
FNDA:1,(anonymous_3)
DA:1,4
DA:2,4
DA:3,4
DA:4,4
DA:9,4
DA:11,5
DA:13,4
DA:14,1
DA:15,1
DA:16,1
DA:17,5
DA:18,5
DA:19,5
DA:21,1
DA:24,4
DA:25,1
DA:26,1
DA:27,1
DA:28,5
DA:33,5
DA:34,5
DA:36,1
DA:39,4
DA:41,4
DA:43,4
DA:44,1
DA:45,1
DA:46,1
DA:47,15
DA:48,15
DA:49,15
DA:58,15
DA:59,15
DA:61,1
DA:64,4
DA:66,4
LF:36
LH:36
BRDA:11,0,0,5
BRDA:11,0,1,0
BRDA:47,1,0,15
BRDA:47,1,1,0
BRDA:48,2,0,15
BRDA:48,2,1,0
BRF:6
BRH:3
end_of_record
TN:
SF:utils\bcrypt.js
FN:5,(anonymous_0)
FN:9,(anonymous_1)
FNF:2
FNH:2
FNDA:8,(anonymous_0)
FNDA:10,(anonymous_1)
DA:1,4
DA:2,4
DA:5,8
DA:9,4
DA:10,10
DA:12,10
DA:16,4
LF:7
LH:7
BRF:0
BRH:0
end_of_record
TN:
SF:utils\catchAsync.js
FN:1,(anonymous_0)
FN:1,(anonymous_1)
FN:2,(anonymous_2)
FNF:3
FNH:3
FNDA:40,(anonymous_0)
FNDA:18,(anonymous_1)
FNDA:2,(anonymous_2)
DA:1,40
DA:2,18
DA:4,4
LF:3
LH:3
BRF:0
BRH:0
end_of_record
TN:
SF:utils\pick.js
FN:2,(anonymous_0)
FN:7,(anonymous_1)
FNF:2
FNH:2
FNDA:19,(anonymous_0)
FNDA:21,(anonymous_1)
DA:2,4
DA:7,19
DA:8,21
DA:11,19
DA:13,21
DA:17,4
LF:6
LH:6
BRDA:8,0,0,19
BRDA:8,0,1,2
BRDA:8,1,0,21
BRDA:8,1,1,21
BRF:4
BRH:4
end_of_record
TN:
SF:utils\validate.js
FN:1,(anonymous_0)
FN:7,(anonymous_1)
FN:12,(anonymous_2)
FN:14,(anonymous_3)
FNF:4
FNH:4
FNDA:3,(anonymous_0)
FNDA:1,(anonymous_1)
FNDA:1,(anonymous_2)
FNDA:2,(anonymous_3)
DA:1,4
DA:2,3
DA:3,3
DA:7,4
DA:8,1
DA:9,1
DA:12,4
DA:14,2
DA:15,1
DA:17,1
LF:10
LH:10
BRDA:2,0,0,0
BRDA:2,0,1,3
BRDA:8,1,0,0
BRDA:8,1,1,1
BRDA:14,2,0,2
BRDA:14,2,1,2
BRF:6
BRH:4
end_of_record
TN:
SF:validations\custom.validation.js
FN:1,(anonymous_0)
FN:1,(anonymous_1)
FN:10,(anonymous_2)
FNF:3
FNH:3
FNDA:16,(anonymous_0)
FNDA:9,(anonymous_1)
FNDA:9,(anonymous_2)
DA:1,16
DA:2,9
DA:3,0
DA:7,9
DA:10,4
DA:11,9
DA:12,0
DA:14,9
DA:17,4
LF:9
LH:7
BRDA:2,0,0,0
BRDA:2,0,1,9
BRDA:11,1,0,0
BRDA:11,1,1,9
BRF:4
BRH:2
end_of_record
TN:
SF:validations\user.validation.js
FNF:0
FNH:0
DA:1,4
DA:2,4
DA:4,4
DA:14,4
DA:23,4
DA:32,4
LF:6
LH:6
BRF:0
BRH:0
end_of_record
